#
# There is insufficient memory for the Java Runtime Environment to continue.
# Native memory allocation (malloc) failed to allocate 1761248 bytes for Chunk::new
# Possible reasons:
#   The system is out of physical RAM or swap space
#   The process is running with CompressedOops enabled, and the Java Heap may be blocking the growth of the native heap
# Possible solutions:
#   Reduce memory load on the system
#   Increase physical memory or swap space
#   Check if swap backing store is full
#   Decrease Java heap size (-Xmx/-Xms)
#   Decrease number of Java threads
#   Decrease Java thread stack sizes (-Xss)
#   Set larger code cache with -XX:ReservedCodeCacheSize=
#   JVM is running with Unscaled Compressed Oops mode in which the Java heap is
#     placed in the first 4GB address space. The Java Heap base address is the
#     maximum limit for the native heap growth. Please use -XX:HeapBaseMinAddress
#     to set the Java Heap base and to place the Java Heap above 4GB virtual address.
# This output file may be truncated or incomplete.
#
#  Out of Memory Error (arena.cpp:189), pid=19564, tid=20004
#
# JRE version: Java(TM) SE Runtime Environment (17.0.11+7) (build 17.0.11+7-LTS-207)
# Java VM: Java HotSpot(TM) 64-Bit Server VM (17.0.11+7-LTS-207, mixed mode, sharing, tiered, compressed oops, compressed class ptrs, g1 gc, windows-amd64)
# No core dump will be written. Minidumps are not enabled by default on client versions of Windows
#

---------------  S U M M A R Y ------------

Command Line: -XX:+ShowCodeDetailsInExceptionMessages com.psicolApp.apirest.ApirestApplication

Host: Intel(R) Core(TM) i5-7200U CPU @ 2.50GHz, 4 cores, 5G,  Windows 10 , 64 bit Build 19041 (10.0.19041.4597)
Time: Sat Aug  3 09:50:52 2024 Hora est. Pacífico, Sudamérica elapsed time: 11.272738 seconds (0d 0h 0m 11s)

---------------  T H R E A D  ---------------

Current thread (0x00000235d63a6050):  JavaThread "C2 CompilerThread0" daemon [_thread_in_native, id=20004, stack(0x000000dac1b00000,0x000000dac1c00000)]


Current CompileTask:
C2:  11272 4591       4       jdk.internal.loader.BuiltinClassLoader::defineClass (121 bytes)

Stack: [0x000000dac1b00000,0x000000dac1c00000]
Native frames: (J=compiled Java code, j=interpreted, Vv=VM code, C=native code)
V  [jvm.dll+0x679cca]
V  [jvm.dll+0x7da13d]
V  [jvm.dll+0x7dba83]
V  [jvm.dll+0x7dc0f3]
V  [jvm.dll+0x2449af]
V  [jvm.dll+0xab83b]
V  [jvm.dll+0xabe1c]
V  [jvm.dll+0x3615ae]
V  [jvm.dll+0x32bd61]
V  [jvm.dll+0x32b1fa]
V  [jvm.dll+0x2161df]
V  [jvm.dll+0x21560f]
V  [jvm.dll+0x1a2040]
V  [jvm.dll+0x225a2b]
V  [jvm.dll+0x223bcb]
V  [jvm.dll+0x7903ec]
V  [jvm.dll+0x78a85a]
V  [jvm.dll+0x678bb5]
C  [ucrtbase.dll+0x21bb2]
C  [KERNEL32.DLL+0x17374]
C  [ntdll.dll+0x4cc91]


---------------  P R O C E S S  ---------------

Threads class SMR info:
_java_thread_list=0x000002361e6414a0, length=15, elements={
0x00000235b7e2e7d0, 0x00000235d638b820, 0x00000235d638c4a0, 0x00000235d63a3620,
0x00000235d63a3fe0, 0x00000235d63a49a0, 0x00000235d63a5360, 0x00000235d63a6050,
0x00000235d63a94a0, 0x00000235d63aa1a0, 0x00000235d6627a20, 0x00000235d6635730,
0x000002361d022440, 0x000002361d021a20, 0x000002361d023d90
}

Java Threads: ( => current thread )
  0x00000235b7e2e7d0 JavaThread "main" [_thread_in_vm, id=18500, stack(0x000000dac0e00000,0x000000dac0f00000)]
  0x00000235d638b820 JavaThread "Reference Handler" daemon [_thread_blocked, id=9428, stack(0x000000dac1500000,0x000000dac1600000)]
  0x00000235d638c4a0 JavaThread "Finalizer" daemon [_thread_blocked, id=6232, stack(0x000000dac1600000,0x000000dac1700000)]
  0x00000235d63a3620 JavaThread "Signal Dispatcher" daemon [_thread_blocked, id=13592, stack(0x000000dac1700000,0x000000dac1800000)]
  0x00000235d63a3fe0 JavaThread "Attach Listener" daemon [_thread_blocked, id=6704, stack(0x000000dac1800000,0x000000dac1900000)]
  0x00000235d63a49a0 JavaThread "Service Thread" daemon [_thread_blocked, id=9948, stack(0x000000dac1900000,0x000000dac1a00000)]
  0x00000235d63a5360 JavaThread "Monitor Deflation Thread" daemon [_thread_blocked, id=20472, stack(0x000000dac1a00000,0x000000dac1b00000)]
=>0x00000235d63a6050 JavaThread "C2 CompilerThread0" daemon [_thread_in_native, id=20004, stack(0x000000dac1b00000,0x000000dac1c00000)]
  0x00000235d63a94a0 JavaThread "C1 CompilerThread0" daemon [_thread_blocked, id=6956, stack(0x000000dac1c00000,0x000000dac1d00000)]
  0x00000235d63aa1a0 JavaThread "Sweeper thread" daemon [_thread_blocked, id=13308, stack(0x000000dac1d00000,0x000000dac1e00000)]
  0x00000235d6627a20 JavaThread "Notification Thread" daemon [_thread_blocked, id=13632, stack(0x000000dac1e00000,0x000000dac1f00000)]
  0x00000235d6635730 JavaThread "Common-Cleaner" daemon [_thread_blocked, id=12976, stack(0x000000dac2000000,0x000000dac2100000)]
  0x000002361d022440 JavaThread "PostgreSQL-JDBC-Cleaner" daemon [_thread_blocked, id=17384, stack(0x000000dac2500000,0x000000dac2600000)]
  0x000002361d021a20 JavaThread "HikariPool-1 housekeeper" daemon [_thread_blocked, id=9296, stack(0x000000dac2600000,0x000000dac2700000)]
  0x000002361d023d90 JavaThread "HikariPool-1 connection adder" daemon [_thread_in_native, id=5164, stack(0x000000dac2700000,0x000000dac2800000)]

Other Threads:
  0x00000235d6384530 VMThread "VM Thread" [stack: 0x000000dac1400000,0x000000dac1500000] [id=6168]
  0x00000235d6391a70 WatcherThread [stack: 0x000000dac1f00000,0x000000dac2000000] [id=18600]
  0x00000235b9f2e0e0 GCTaskThread "GC Thread#0" [stack: 0x000000dac0f00000,0x000000dac1000000] [id=16720]
  0x000002361c6d6070 GCTaskThread "GC Thread#1" [stack: 0x000000dac2100000,0x000000dac2200000] [id=14256]
  0x000002361c6d94f0 GCTaskThread "GC Thread#2" [stack: 0x000000dac2200000,0x000000dac2300000] [id=14764]
  0x000002361c1401b0 GCTaskThread "GC Thread#3" [stack: 0x000000dac2300000,0x000000dac2400000] [id=11120]
  0x00000235b9f3aa30 ConcurrentGCThread "G1 Main Marker" [stack: 0x000000dac1000000,0x000000dac1100000] [id=11612]
  0x00000235b9f3b340 ConcurrentGCThread "G1 Conc#0" [stack: 0x000000dac1100000,0x000000dac1200000] [id=1184]
  0x00000235b9f92960 ConcurrentGCThread "G1 Refine#0" [stack: 0x000000dac1200000,0x000000dac1300000] [id=20188]
  0x00000235b9f93290 ConcurrentGCThread "G1 Service" [stack: 0x000000dac1300000,0x000000dac1400000] [id=20388]

Threads with active compile tasks:
C2 CompilerThread0    11366 4591       4       jdk.internal.loader.BuiltinClassLoader::defineClass (121 bytes)

VM state: not at safepoint (normal execution)

VM Mutex/Monitor currently owned by a thread: None

Heap address: 0x00000000a2800000, size: 1496 MB, Compressed Oops mode: 32-bit

CDS archive(s) mapped at: [0x00000235d7000000-0x00000235d7bd0000-0x00000235d7bd0000), size 12386304, SharedBaseAddress: 0x00000235d7000000, ArchiveRelocationMode: 1.
Compressed class space mapped at: 0x00000235d8000000-0x0000023618000000, reserved size: 1073741824
Narrow klass base: 0x00000235d7000000, Narrow klass shift: 0, Narrow klass range: 0x100000000

GC Precious Log:
 CPUs: 4 total, 4 available
 Memory: 5978M
 Large Page Support: Disabled
 NUMA Support: Disabled
 Compressed Oops: Enabled (32-bit)
 Heap Region Size: 1M
 Heap Min Capacity: 8M
 Heap Initial Capacity: 94M
 Heap Max Capacity: 1496M
 Pre-touch: Disabled
 Parallel Workers: 4
 Concurrent Workers: 1
 Concurrent Refinement Workers: 4
 Periodic GC: Disabled

Heap:
 garbage-first heap   total 55296K, used 22579K [0x00000000a2800000, 0x0000000100000000)
  region size 1024K, 4 young (4096K), 3 survivors (3072K)
 Metaspace       used 47127K, committed 47552K, reserved 1114112K
  class space    used 6292K, committed 6464K, reserved 1048576K

Heap Regions: E=young(eden), S=young(survivor), O=old, HS=humongous(starts), HC=humongous(continues), CS=collection set, F=free, OA=open archive, CA=closed archive, TAMS=top-at-mark-start (previous, next)
|   0|0x00000000a2800000, 0x00000000a2900000, 0x00000000a2900000|100%|HS|  |TAMS 0x00000000a2900000, 0x00000000a2800000| Complete 
|   1|0x00000000a2900000, 0x00000000a2a00000, 0x00000000a2a00000|100%| O|  |TAMS 0x00000000a2a00000, 0x00000000a2900000| Untracked 
|   2|0x00000000a2a00000, 0x00000000a2b00000, 0x00000000a2b00000|100%| O|  |TAMS 0x00000000a2b00000, 0x00000000a2a00000| Untracked 
|   3|0x00000000a2b00000, 0x00000000a2c00000, 0x00000000a2c00000|100%| O|  |TAMS 0x00000000a2c00000, 0x00000000a2b00000| Untracked 
|   4|0x00000000a2c00000, 0x00000000a2d00000, 0x00000000a2d00000|100%| O|  |TAMS 0x00000000a2d00000, 0x00000000a2c00000| Untracked 
|   5|0x00000000a2d00000, 0x00000000a2e00000, 0x00000000a2e00000|100%| O|  |TAMS 0x00000000a2e00000, 0x00000000a2d00000| Untracked 
|   6|0x00000000a2e00000, 0x00000000a2f00000, 0x00000000a2f00000|100%| O|  |TAMS 0x00000000a2f00000, 0x00000000a2e00000| Untracked 
|   7|0x00000000a2f00000, 0x00000000a3000000, 0x00000000a3000000|100%| O|  |TAMS 0x00000000a3000000, 0x00000000a2f00000| Untracked 
|   8|0x00000000a3000000, 0x00000000a3100000, 0x00000000a3100000|100%| O|  |TAMS 0x00000000a3100000, 0x00000000a3000000| Untracked 
|   9|0x00000000a3100000, 0x00000000a3200000, 0x00000000a3200000|100%| O|  |TAMS 0x00000000a3200000, 0x00000000a3100000| Untracked 
|  10|0x00000000a3200000, 0x00000000a3300000, 0x00000000a3300000|100%| O|  |TAMS 0x00000000a3300000, 0x00000000a3200000| Untracked 
|  11|0x00000000a3300000, 0x00000000a3400000, 0x00000000a3400000|100%| O|  |TAMS 0x00000000a3400000, 0x00000000a3300000| Untracked 
|  12|0x00000000a3400000, 0x00000000a3500000, 0x00000000a3500000|100%| O|  |TAMS 0x00000000a3500000, 0x00000000a3400000| Untracked 
|  13|0x00000000a3500000, 0x00000000a3558c00, 0x00000000a3600000| 34%| O|  |TAMS 0x00000000a3558c00, 0x00000000a3500000| Untracked 
|  14|0x00000000a3600000, 0x00000000a3700000, 0x00000000a3700000|100%| O|  |TAMS 0x00000000a3700000, 0x00000000a3600000| Untracked 
|  15|0x00000000a3700000, 0x00000000a3800000, 0x00000000a3800000|100%| O|  |TAMS 0x00000000a3800000, 0x00000000a3700000| Untracked 
|  16|0x00000000a3800000, 0x00000000a3900000, 0x00000000a3900000|100%| O|  |TAMS 0x00000000a3900000, 0x00000000a3800000| Untracked 
|  17|0x00000000a3900000, 0x00000000a3a00000, 0x00000000a3a00000|100%| O|  |TAMS 0x00000000a393e000, 0x00000000a3900000| Untracked 
|  18|0x00000000a3a00000, 0x00000000a3b00000, 0x00000000a3b00000|100%| O|  |TAMS 0x00000000a3a00000, 0x00000000a3a00000| Untracked 
|  19|0x00000000a3b00000, 0x00000000a3be4e00, 0x00000000a3c00000| 89%| O|  |TAMS 0x00000000a3b00000, 0x00000000a3b00000| Untracked 
|  20|0x00000000a3c00000, 0x00000000a3c00000, 0x00000000a3d00000|  0%| F|  |TAMS 0x00000000a3c00000, 0x00000000a3c00000| Untracked 
|  21|0x00000000a3d00000, 0x00000000a3d00000, 0x00000000a3e00000|  0%| F|  |TAMS 0x00000000a3d00000, 0x00000000a3d00000| Untracked 
|  22|0x00000000a3e00000, 0x00000000a3e00000, 0x00000000a3f00000|  0%| F|  |TAMS 0x00000000a3e00000, 0x00000000a3e00000| Untracked 
|  23|0x00000000a3f00000, 0x00000000a3f00000, 0x00000000a4000000|  0%| F|  |TAMS 0x00000000a3f00000, 0x00000000a3f00000| Untracked 
|  24|0x00000000a4000000, 0x00000000a4000000, 0x00000000a4100000|  0%| F|  |TAMS 0x00000000a4000000, 0x00000000a4000000| Untracked 
|  25|0x00000000a4100000, 0x00000000a4100000, 0x00000000a4200000|  0%| F|  |TAMS 0x00000000a4100000, 0x00000000a4100000| Untracked 
|  26|0x00000000a4200000, 0x00000000a4200000, 0x00000000a4300000|  0%| F|  |TAMS 0x00000000a4200000, 0x00000000a4200000| Untracked 
|  27|0x00000000a4300000, 0x00000000a4300000, 0x00000000a4400000|  0%| F|  |TAMS 0x00000000a4300000, 0x00000000a4300000| Untracked 
|  28|0x00000000a4400000, 0x00000000a4400000, 0x00000000a4500000|  0%| F|  |TAMS 0x00000000a4400000, 0x00000000a4400000| Untracked 
|  29|0x00000000a4500000, 0x00000000a4500000, 0x00000000a4600000|  0%| F|  |TAMS 0x00000000a4500000, 0x00000000a4500000| Untracked 
|  30|0x00000000a4600000, 0x00000000a4600000, 0x00000000a4700000|  0%| F|  |TAMS 0x00000000a4600000, 0x00000000a4600000| Untracked 
|  31|0x00000000a4700000, 0x00000000a47cf358, 0x00000000a4800000| 80%| S|CS|TAMS 0x00000000a4700000, 0x00000000a4700000| Complete 
|  32|0x00000000a4800000, 0x00000000a4900000, 0x00000000a4900000|100%| S|CS|TAMS 0x00000000a4800000, 0x00000000a4800000| Complete 
|  33|0x00000000a4900000, 0x00000000a4a00000, 0x00000000a4a00000|100%| S|CS|TAMS 0x00000000a4900000, 0x00000000a4900000| Complete 
|  34|0x00000000a4a00000, 0x00000000a4a00000, 0x00000000a4b00000|  0%| F|  |TAMS 0x00000000a4a00000, 0x00000000a4a00000| Untracked 
|  35|0x00000000a4b00000, 0x00000000a4b00000, 0x00000000a4c00000|  0%| F|  |TAMS 0x00000000a4b00000, 0x00000000a4b00000| Untracked 
|  36|0x00000000a4c00000, 0x00000000a4c00000, 0x00000000a4d00000|  0%| F|  |TAMS 0x00000000a4c00000, 0x00000000a4c00000| Untracked 
|  37|0x00000000a4d00000, 0x00000000a4d00000, 0x00000000a4e00000|  0%| F|  |TAMS 0x00000000a4d00000, 0x00000000a4d00000| Untracked 
|  38|0x00000000a4e00000, 0x00000000a4e00000, 0x00000000a4f00000|  0%| F|  |TAMS 0x00000000a4e00000, 0x00000000a4e00000| Untracked 
|  39|0x00000000a4f00000, 0x00000000a4f00000, 0x00000000a5000000|  0%| F|  |TAMS 0x00000000a4f00000, 0x00000000a4f00000| Untracked 
|  40|0x00000000a5000000, 0x00000000a5000000, 0x00000000a5100000|  0%| F|  |TAMS 0x00000000a5000000, 0x00000000a5000000| Untracked 
|  41|0x00000000a5100000, 0x00000000a5100000, 0x00000000a5200000|  0%| F|  |TAMS 0x00000000a5100000, 0x00000000a5100000| Untracked 
|  42|0x00000000a5200000, 0x00000000a5200000, 0x00000000a5300000|  0%| F|  |TAMS 0x00000000a5200000, 0x00000000a5200000| Untracked 
|  43|0x00000000a5300000, 0x00000000a5300000, 0x00000000a5400000|  0%| F|  |TAMS 0x00000000a5300000, 0x00000000a5300000| Untracked 
|  44|0x00000000a5400000, 0x00000000a5400000, 0x00000000a5500000|  0%| F|  |TAMS 0x00000000a5400000, 0x00000000a5400000| Untracked 
|  45|0x00000000a5500000, 0x00000000a5500000, 0x00000000a5600000|  0%| F|  |TAMS 0x00000000a5500000, 0x00000000a5500000| Untracked 
|  46|0x00000000a5600000, 0x00000000a5600000, 0x00000000a5700000|  0%| F|  |TAMS 0x00000000a5600000, 0x00000000a5600000| Untracked 
|  47|0x00000000a5700000, 0x00000000a5700000, 0x00000000a5800000|  0%| F|  |TAMS 0x00000000a5700000, 0x00000000a5700000| Untracked 
|  48|0x00000000a5800000, 0x00000000a5800000, 0x00000000a5900000|  0%| F|  |TAMS 0x00000000a5800000, 0x00000000a5800000| Untracked 
|  49|0x00000000a5900000, 0x00000000a5900000, 0x00000000a5a00000|  0%| F|  |TAMS 0x00000000a5900000, 0x00000000a5900000| Untracked 
|  50|0x00000000a5a00000, 0x00000000a5a00000, 0x00000000a5b00000|  0%| F|  |TAMS 0x00000000a5a00000, 0x00000000a5a00000| Untracked 
|  51|0x00000000a5b00000, 0x00000000a5b00000, 0x00000000a5c00000|  0%| F|  |TAMS 0x00000000a5b00000, 0x00000000a5b00000| Untracked 
|  88|0x00000000a8000000, 0x00000000a8000000, 0x00000000a8100000|  0%| F|  |TAMS 0x00000000a8000000, 0x00000000a8000000| Untracked 
|  93|0x00000000a8500000, 0x00000000a85c25a0, 0x00000000a8600000| 75%| E|  |TAMS 0x00000000a8500000, 0x00000000a8500000| Complete 

Card table byte_map: [0x00000235d0a90000,0x00000235d0d80000] _byte_map_base: 0x00000235d057c000

Marking Bits (Prev, Next): (CMBitMap*) 0x00000235b9f2e600, (CMBitMap*) 0x00000235b9f2e640
 Prev Bits: [0x00000235d1070000, 0x00000235d27d0000)
 Next Bits: [0x00000235d27d0000, 0x00000235d3f30000)

Polling page: 0x00000235b7ec0000

Metaspace:

Usage:
  Non-class:     39.88 MB used.
      Class:      6.15 MB used.
       Both:     46.02 MB used.

Virtual space:
  Non-class space:       64.00 MB reserved,      40.12 MB ( 63%) committed,  1 nodes.
      Class space:        1.00 GB reserved,       6.31 MB ( <1%) committed,  1 nodes.
             Both:        1.06 GB reserved,      46.44 MB (  4%) committed. 

Chunk freelists:
   Non-Class:  7.92 MB
       Class:  9.50 MB
        Both:  17.42 MB

MaxMetaspaceSize: unlimited
CompressedClassSpaceSize: 1.00 GB
Initial GC threshold: 21.00 MB
Current GC threshold: 59.19 MB
CDS: on
MetaspaceReclaimPolicy: balanced
 - commit_granule_bytes: 65536.
 - commit_granule_words: 8192.
 - virtual_space_node_default_size: 8388608.
 - enlarge_chunks_in_place: 1.
 - new_chunks_are_fully_committed: 0.
 - uncommit_free_chunks: 1.
 - use_allocation_guard: 0.
 - handle_deallocations: 1.


Internal statistics:

num_allocs_failed_limit: 6.
num_arena_births: 552.
num_arena_deaths: 0.
num_vsnodes_births: 2.
num_vsnodes_deaths: 0.
num_space_committed: 743.
num_space_uncommitted: 0.
num_chunks_returned_to_freelist: 6.
num_chunks_taken_from_freelist: 2243.
num_chunk_merges: 6.
num_chunk_splits: 1626.
num_chunks_enlarged: 1260.
num_inconsistent_stats: 0.

CodeHeap 'non-profiled nmethods': size=120000Kb used=2713Kb max_used=2713Kb free=117287Kb
 bounds [0x00000235c9270000, 0x00000235c9520000, 0x00000235d07a0000]
CodeHeap 'profiled nmethods': size=120000Kb used=9508Kb max_used=9508Kb free=110491Kb
 bounds [0x00000235c17a0000, 0x00000235c20f0000, 0x00000235c8cd0000]
CodeHeap 'non-nmethods': size=5760Kb used=1264Kb max_used=1323Kb free=4495Kb
 bounds [0x00000235c8cd0000, 0x00000235c8f40000, 0x00000235c9270000]
 total_blobs=5167 nmethods=4586 adapters=493
 compilation: enabled
              stopped_count=0, restarted_count=0
 full_count=0

Compilation events (20 events):
Event: 10.868 Thread 0x00000235d63a6050 nmethod 4566% 0x00000235c950f690 code [0x00000235c950f840, 0x00000235c95102f8]
Event: 10.869 Thread 0x00000235d63a6050 4576   !   4       com.sun.crypto.provider.PBKDF2KeyImpl::deriveKey (302 bytes)
Event: 10.926 Thread 0x00000235d63a6050 nmethod 4576 0x00000235c9510710 code [0x00000235c9510960, 0x00000235c9511fc0]
Event: 10.926 Thread 0x00000235d63a6050 4567       4       java.lang.AbstractStringBuilder::append (55 bytes)
Event: 10.944 Thread 0x00000235d63a6050 nmethod 4567 0x00000235c9512e90 code [0x00000235c9513040, 0x00000235c9513af8]
Event: 10.950 Thread 0x00000235d63a6050 4588       4       java.security.SecureClassLoader$CodeSourceKey::equals (60 bytes)
Event: 10.955 Thread 0x00000235d63a6050 nmethod 4588 0x00000235c9513f90 code [0x00000235c9514120, 0x00000235c9514418]
Event: 10.955 Thread 0x00000235d63a6050 4561       4       java.lang.ClassLoader::compareCerts (197 bytes)
Event: 10.956 Thread 0x00000235d63a6050 nmethod 4561 0x00000235c9514690 code [0x00000235c9514800, 0x00000235c95148d8]
Event: 10.975 Thread 0x00000235d63a6050 4589       4       jdk.internal.loader.URLClassPath$JarLoader$2::getManifest (26 bytes)
Event: 10.998 Thread 0x00000235d63a6050 nmethod 4589 0x00000235c9514a10 code [0x00000235c9514c40, 0x00000235c95159f0]
Event: 10.998 Thread 0x00000235d63a6050 4591       4       jdk.internal.loader.BuiltinClassLoader::defineClass (121 bytes)
Event: 11.187 Thread 0x00000235d63a94a0 4593 %     3       sun.security.provider.HashDrbg::addBytes @ 33 (130 bytes)
Event: 11.188 Thread 0x00000235d63a94a0 nmethod 4593% 0x00000235c20e8090 code [0x00000235c20e8260, 0x00000235c20e8758]
Event: 11.188 Thread 0x00000235d63a94a0 4594       1       java.security.Provider::getName (5 bytes)
Event: 11.189 Thread 0x00000235d63a94a0 nmethod 4594 0x00000235c9516110 code [0x00000235c95162a0, 0x00000235c9516378]
Event: 11.206 Thread 0x00000235d63a94a0 4595       3       org.postgresql.core.VisibleBufferedInputStream::skip (58 bytes)
Event: 11.207 Thread 0x00000235d63a94a0 nmethod 4595 0x00000235c20e8990 code [0x00000235c20e8b40, 0x00000235c20e8da8]
Event: 11.208 Thread 0x00000235d63a94a0 4596       3       java.lang.Character::isJavaIdentifierStart (5 bytes)
Event: 11.208 Thread 0x00000235d63a94a0 nmethod 4596 0x00000235c20e8e90 code [0x00000235c20e9040, 0x00000235c20e9298]

GC Heap History (18 events):
Event: 0.835 GC heap before
{Heap before GC invocations=0 (full 0):
 garbage-first heap   total 96256K, used 13312K [0x00000000a2800000, 0x0000000100000000)
  region size 1024K, 13 young (13312K), 0 survivors (0K)
 Metaspace       used 3154K, committed 3264K, reserved 1114112K
  class space    used 284K, committed 320K, reserved 1048576K
}
Event: 0.842 GC heap after
{Heap after GC invocations=1 (full 0):
 garbage-first heap   total 96256K, used 6388K [0x00000000a2800000, 0x0000000100000000)
  region size 1024K, 2 young (2048K), 2 survivors (2048K)
 Metaspace       used 3154K, committed 3264K, reserved 1114112K
  class space    used 284K, committed 320K, reserved 1048576K
}
Event: 1.230 GC heap before
{Heap before GC invocations=1 (full 0):
 garbage-first heap   total 96256K, used 16628K [0x00000000a2800000, 0x0000000100000000)
  region size 1024K, 13 young (13312K), 2 survivors (2048K)
 Metaspace       used 6586K, committed 6784K, reserved 1114112K
  class space    used 750K, committed 896K, reserved 1048576K
}
Event: 1.235 GC heap after
{Heap after GC invocations=2 (full 0):
 garbage-first heap   total 96256K, used 7598K [0x00000000a2800000, 0x0000000100000000)
  region size 1024K, 1 young (1024K), 1 survivors (1024K)
 Metaspace       used 6586K, committed 6784K, reserved 1114112K
  class space    used 750K, committed 896K, reserved 1048576K
}
Event: 2.208 GC heap before
{Heap before GC invocations=2 (full 0):
 garbage-first heap   total 96256K, used 30126K [0x00000000a2800000, 0x0000000100000000)
  region size 1024K, 24 young (24576K), 1 survivors (1024K)
 Metaspace       used 12440K, committed 12608K, reserved 1114112K
  class space    used 1499K, committed 1600K, reserved 1048576K
}
Event: 2.213 GC heap after
{Heap after GC invocations=3 (full 0):
 garbage-first heap   total 96256K, used 9407K [0x00000000a2800000, 0x0000000100000000)
  region size 1024K, 3 young (3072K), 3 survivors (3072K)
 Metaspace       used 12440K, committed 12608K, reserved 1114112K
  class space    used 1499K, committed 1600K, reserved 1048576K
}
Event: 4.755 GC heap before
{Heap before GC invocations=3 (full 0):
 garbage-first heap   total 96256K, used 59583K [0x00000000a2800000, 0x0000000100000000)
  region size 1024K, 53 young (54272K), 3 survivors (3072K)
 Metaspace       used 20617K, committed 20928K, reserved 1114112K
  class space    used 2495K, committed 2624K, reserved 1048576K
}
Event: 4.768 GC heap after
{Heap after GC invocations=4 (full 0):
 garbage-first heap   total 96256K, used 13779K [0x00000000a2800000, 0x0000000100000000)
  region size 1024K, 7 young (7168K), 7 survivors (7168K)
 Metaspace       used 20617K, committed 20928K, reserved 1114112K
  class space    used 2495K, committed 2624K, reserved 1048576K
}
Event: 4.940 GC heap before
{Heap before GC invocations=4 (full 0):
 garbage-first heap   total 96256K, used 17875K [0x00000000a2800000, 0x0000000100000000)
  region size 1024K, 12 young (12288K), 7 survivors (7168K)
 Metaspace       used 21221K, committed 21504K, reserved 1114112K
  class space    used 2583K, committed 2752K, reserved 1048576K
}
Event: 4.960 GC heap after
{Heap after GC invocations=5 (full 0):
 garbage-first heap   total 96256K, used 14691K [0x00000000a2800000, 0x0000000100000000)
  region size 1024K, 1 young (1024K), 1 survivors (1024K)
 Metaspace       used 21221K, committed 21504K, reserved 1114112K
  class space    used 2583K, committed 2752K, reserved 1048576K
}
Event: 6.601 GC heap before
{Heap before GC invocations=6 (full 0):
 garbage-first heap   total 55296K, used 45411K [0x00000000a2800000, 0x0000000100000000)
  region size 1024K, 32 young (32768K), 1 survivors (1024K)
 Metaspace       used 26689K, committed 27072K, reserved 1114112K
  class space    used 3393K, committed 3520K, reserved 1048576K
}
Event: 6.611 GC heap after
{Heap after GC invocations=7 (full 0):
 garbage-first heap   total 55296K, used 17261K [0x00000000a2800000, 0x0000000100000000)
  region size 1024K, 4 young (4096K), 4 survivors (4096K)
 Metaspace       used 26689K, committed 27072K, reserved 1114112K
  class space    used 3393K, committed 3520K, reserved 1048576K
}
Event: 7.750 GC heap before
{Heap before GC invocations=7 (full 0):
 garbage-first heap   total 55296K, used 39789K [0x00000000a2800000, 0x0000000100000000)
  region size 1024K, 26 young (26624K), 4 survivors (4096K)
 Metaspace       used 30933K, committed 31296K, reserved 1114112K
  class space    used 3907K, committed 4096K, reserved 1048576K
}
Event: 7.764 GC heap after
{Heap after GC invocations=8 (full 0):
 garbage-first heap   total 55296K, used 18884K [0x00000000a2800000, 0x0000000100000000)
  region size 1024K, 2 young (2048K), 2 survivors (2048K)
 Metaspace       used 30933K, committed 31296K, reserved 1114112K
  class space    used 3907K, committed 4096K, reserved 1048576K
}
Event: 8.539 GC heap before
{Heap before GC invocations=8 (full 0):
 garbage-first heap   total 55296K, used 38340K [0x00000000a2800000, 0x0000000100000000)
  region size 1024K, 22 young (22528K), 2 survivors (2048K)
 Metaspace       used 35669K, committed 36096K, reserved 1114112K
  class space    used 4697K, committed 4864K, reserved 1048576K
}
Event: 8.546 GC heap after
{Heap after GC invocations=9 (full 0):
 garbage-first heap   total 55296K, used 20000K [0x00000000a2800000, 0x0000000100000000)
  region size 1024K, 2 young (2048K), 2 survivors (2048K)
 Metaspace       used 35669K, committed 36096K, reserved 1114112K
  class space    used 4697K, committed 4864K, reserved 1048576K
}
Event: 9.712 GC heap before
{Heap before GC invocations=10 (full 0):
 garbage-first heap   total 55296K, used 40480K [0x00000000a2800000, 0x0000000100000000)
  region size 1024K, 23 young (23552K), 2 survivors (2048K)
 Metaspace       used 41785K, committed 42240K, reserved 1114112K
  class space    used 5521K, committed 5760K, reserved 1048576K
}
Event: 9.719 GC heap after
{Heap after GC invocations=11 (full 0):
 garbage-first heap   total 55296K, used 21361K [0x00000000a2800000, 0x0000000100000000)
  region size 1024K, 3 young (3072K), 3 survivors (3072K)
 Metaspace       used 41785K, committed 42240K, reserved 1114112K
  class space    used 5521K, committed 5760K, reserved 1048576K
}

Deoptimization events (20 events):
Event: 9.739 Thread 0x000002361d023d90 DEOPT PACKING pc=0x00000235c204817e sp=0x000000dac27fdf70
Event: 9.739 Thread 0x000002361d023d90 DEOPT UNPACKING pc=0x00000235c8d22b43 sp=0x000000dac27fd3c8 mode 0
Event: 9.739 Thread 0x000002361d023d90 DEOPT PACKING pc=0x00000235c204817e sp=0x000000dac27fddb0
Event: 9.739 Thread 0x000002361d023d90 DEOPT UNPACKING pc=0x00000235c8d22b43 sp=0x000000dac27fd208 mode 0
Event: 9.897 Thread 0x000002361d023d90 Uncommon trap: trap_request=0xffffff45 fr.pc=0x00000235c94e3c64 relative=0x0000000000000984
Event: 9.897 Thread 0x000002361d023d90 Uncommon trap: reason=unstable_if action=reinterpret pc=0x00000235c94e3c64 method=sun.security.provider.SHA2.implReset()V @ 8 c2
Event: 9.897 Thread 0x000002361d023d90 DEOPT PACKING pc=0x00000235c94e3c64 sp=0x000000dac27fdfe0
Event: 9.897 Thread 0x000002361d023d90 DEOPT UNPACKING pc=0x00000235c8d223a3 sp=0x000000dac27fdf18 mode 2
Event: 9.897 Thread 0x000002361d023d90 Uncommon trap: trap_request=0xffffff45 fr.pc=0x00000235c94e7674 relative=0x00000000000001d4
Event: 9.897 Thread 0x000002361d023d90 Uncommon trap: reason=unstable_if action=reinterpret pc=0x00000235c94e7674 method=sun.security.provider.SHA2.implReset()V @ 8 c2
Event: 9.897 Thread 0x000002361d023d90 DEOPT PACKING pc=0x00000235c94e7674 sp=0x000000dac27fdf50
Event: 9.897 Thread 0x000002361d023d90 DEOPT UNPACKING pc=0x00000235c8d223a3 sp=0x000000dac27fdf10 mode 2
Event: 10.267 Thread 0x000002361d023d90 DEOPT PACKING pc=0x00000235c20bdb77 sp=0x000000dac27fe0e0
Event: 10.267 Thread 0x000002361d023d90 DEOPT UNPACKING pc=0x00000235c8d22b43 sp=0x000000dac27fd500 mode 0
Event: 10.569 Thread 0x00000235b7e2e7d0 Uncommon trap: trap_request=0xffffff45 fr.pc=0x00000235c92f1448 relative=0x0000000000000048
Event: 10.569 Thread 0x00000235b7e2e7d0 Uncommon trap: reason=unstable_if action=reinterpret pc=0x00000235c92f1448 method=java.lang.StringConcatHelper.stringOf(Ljava/lang/Object;)Ljava/lang/String; @ 1 c2
Event: 10.569 Thread 0x00000235b7e2e7d0 DEOPT PACKING pc=0x00000235c92f1448 sp=0x000000dac0ef99e0
Event: 10.569 Thread 0x00000235b7e2e7d0 DEOPT UNPACKING pc=0x00000235c8d223a3 sp=0x000000dac0ef9970 mode 2
Event: 10.759 Thread 0x000002361d023d90 DEOPT PACKING pc=0x00000235c206b6c3 sp=0x000000dac27fe2a0
Event: 10.759 Thread 0x000002361d023d90 DEOPT UNPACKING pc=0x00000235c8d22b43 sp=0x000000dac27fd770 mode 0

Classes unloaded (0 events):
No events

Classes redefined (0 events):
No events

Internal exceptions (20 events):
Event: 6.169 Thread 0x00000235b7e2e7d0 Exception <a 'java/lang/NoSuchMethodError'{0x00000000a4247088}: 'java.lang.Object java.lang.invoke.DirectMethodHandle$Holder.invokeSpecial(java.lang.Object, java.lang.Object, java.lang.Object, java.lang.Object, int)'> (0x00000000a4247088) 
thrown [s\open\src\hotspot\share\interpreter\linkResolver.cpp, line 759]
Event: 6.170 Thread 0x00000235b7e2e7d0 Exception <a 'java/lang/NoSuchMethodError'{0x00000000a424ac50}: 'java.lang.Object java.lang.invoke.Invokers$Holder.linkToTargetMethod(java.lang.Object, java.lang.Object, int, java.lang.Object)'> (0x00000000a424ac50) 
thrown [s\open\src\hotspot\share\interpreter\linkResolver.cpp, line 759]
Event: 6.355 Thread 0x00000235b7e2e7d0 Exception <a 'java/lang/NoSuchMethodError'{0x00000000a3e45ca0}: 'java.lang.Object java.lang.invoke.DirectMethodHandle$Holder.invokeStaticInit(java.lang.Object, int, int, int, int)'> (0x00000000a3e45ca0) 
thrown [s\open\src\hotspot\share\interpreter\linkResolver.cpp, line 759]
Event: 6.694 Thread 0x00000235b7e2e7d0 Exception <a 'java/lang/NoSuchMethodError'{0x00000000a8535600}: 'java.lang.Object java.lang.invoke.DirectMethodHandle$Holder.invokeStaticInit(java.lang.Object, java.lang.Object, int, int, int, int)'> (0x00000000a8535600) 
thrown [s\open\src\hotspot\share\interpreter\linkResolver.cpp, line 759]
Event: 6.954 Thread 0x00000235b7e2e7d0 Exception <a 'java/lang/NoSuchMethodError'{0x00000000a5875a00}: 'java.lang.Object java.lang.invoke.DirectMethodHandle$Holder.invokeSpecial(java.lang.Object, java.lang.Object, long, java.lang.Object, java.lang.Object, java.lang.Object, java.lang.Object, java.lang.Object, java.lang.Object)'> (0x00000000a5875a00) 
thrown [s\open\src\hotspot\share\interpreter\linkResolver.cpp, line 759]
Event: 6.955 Thread 0x00000235b7e2e7d0 Exception <a 'java/lang/NoSuchMethodError'{0x00000000a587a528}: 'java.lang.Object java.lang.invoke.DelegatingMethodHandle$Holder.reinvoke_L(java.lang.Object, long, java.lang.Object, java.lang.Object, java.lang.Object, java.lang.Object, java.lang.Object, java.lang.Object)'> (0x00000000a587a528) 
thrown [s\open\src\hotspot\share\interpreter\linkResolver.cpp, line 759]
Event: 7.118 Thread 0x00000235b7e2e7d0 Exception <a 'java/io/FileNotFoundException'{0x00000000a57efbf8}> (0x00000000a57efbf8) 
thrown [s\open\src\hotspot\share\prims\jni.cpp, line 516]
Event: 7.168 Thread 0x00000235b7e2e7d0 Exception <a 'java/lang/NoSuchMethodError'{0x00000000a55a7778}: 'int java.lang.invoke.DirectMethodHandle$Holder.invokeInterface(java.lang.Object, java.lang.Object, java.lang.Object, java.lang.Object)'> (0x00000000a55a7778) 
thrown [s\open\src\hotspot\share\interpreter\linkResolver.cpp, line 759]
Event: 7.437 Thread 0x00000235b7e2e7d0 Implicit null exception at 0x00000235c93c5420 to 0x00000235c93c5680
Event: 7.443 Thread 0x00000235b7e2e7d0 Exception <a 'sun/nio/fs/WindowsException'{0x00000000a4d7f730}> (0x00000000a4d7f730) 
thrown [s\open\src\hotspot\share\prims\jni.cpp, line 516]
Event: 8.663 Thread 0x00000235b7e2e7d0 Exception <a 'java/lang/NoSuchMethodError'{0x00000000a5b21348}: 'int java.lang.invoke.DirectMethodHandle$Holder.invokeStatic(java.lang.Object)'> (0x00000000a5b21348) 
thrown [s\open\src\hotspot\share\interpreter\linkResolver.cpp, line 759]
Event: 8.747 Thread 0x00000235b7e2e7d0 Exception <a 'java/lang/NoSuchMethodError'{0x00000000a5a46fe0}: 'int java.lang.invoke.DirectMethodHandle$Holder.invokeStaticInit(java.lang.Object, java.lang.Object, java.lang.Object, java.lang.Object)'> (0x00000000a5a46fe0) 
thrown [s\open\src\hotspot\share\interpreter\linkResolver.cpp, line 759]
Event: 8.987 Thread 0x00000235b7e2e7d0 Exception <a 'sun/nio/fs/WindowsException'{0x00000000a58842b8}> (0x00000000a58842b8) 
thrown [s\open\src\hotspot\share\prims\jni.cpp, line 516]
Event: 9.113 Thread 0x00000235b7e2e7d0 Implicit null exception at 0x00000235c94479ec to 0x00000235c9447a9c
Event: 9.339 Thread 0x00000235b7e2e7d0 Exception <a 'java/lang/NoSuchMethodError'{0x00000000a523a9f8}: 'java.lang.Object java.lang.invoke.DirectMethodHandle$Holder.invokeStaticInit(java.lang.Object, java.lang.Object, java.lang.Object, java.lang.Object)'> (0x00000000a523a9f8) 
thrown [s\open\src\hotspot\share\interpreter\linkResolver.cpp, line 759]
Event: 9.897 Thread 0x000002361d023d90 Implicit null exception at 0x00000235c94e33c0 to 0x00000235c94e3c40
Event: 9.897 Thread 0x000002361d023d90 Implicit null exception at 0x00000235c94e7517 to 0x00000235c94e765c
Event: 10.627 Thread 0x00000235b7e2e7d0 Exception <a 'java/lang/IncompatibleClassChangeError'{0x00000000a5137ab8}: Found class java.lang.Object, but interface was expected> (0x00000000a5137ab8) 
thrown [s\open\src\hotspot\share\interpreter\linkResolver.cpp, line 826]
Event: 10.694 Thread 0x00000235b7e2e7d0 Exception <a 'java/lang/NoSuchMethodError'{0x00000000a5004210}: 'java.lang.Object java.lang.invoke.DirectMethodHandle$Holder.invokeStatic(java.lang.Object, java.lang.Object, int, java.lang.Object)'> (0x00000000a5004210) 
thrown [s\open\src\hotspot\share\interpreter\linkResolver.cpp, line 759]
Event: 10.695 Thread 0x00000235b7e2e7d0 Exception <a 'java/lang/NoSuchMethodError'{0x00000000a50084a0}: 'java.lang.Object java.lang.invoke.DirectMethodHandle$Holder.invokeStaticInit(java.lang.Object, java.lang.Object, int, java.lang.Object)'> (0x00000000a50084a0) 
thrown [s\open\src\hotspot\share\interpreter\linkResolver.cpp, line 759]

VM Operations (20 events):
Event: 7.716 Executing VM operation: HandshakeAllThreads
Event: 7.716 Executing VM operation: HandshakeAllThreads done
Event: 7.750 Executing VM operation: G1CollectForAllocation
Event: 7.764 Executing VM operation: G1CollectForAllocation done
Event: 8.538 Executing VM operation: CollectForMetadataAllocation
Event: 8.546 Executing VM operation: CollectForMetadataAllocation done
Event: 8.588 Executing VM operation: G1Concurrent
Event: 8.594 Executing VM operation: G1Concurrent done
Event: 8.618 Executing VM operation: G1Concurrent
Event: 8.618 Executing VM operation: G1Concurrent done
Event: 8.983 Executing VM operation: HandshakeAllThreads
Event: 8.983 Executing VM operation: HandshakeAllThreads done
Event: 8.990 Executing VM operation: HandshakeAllThreads
Event: 8.990 Executing VM operation: HandshakeAllThreads done
Event: 8.997 Executing VM operation: HandshakeAllThreads
Event: 8.997 Executing VM operation: HandshakeAllThreads done
Event: 9.712 Executing VM operation: G1CollectForAllocation
Event: 9.719 Executing VM operation: G1CollectForAllocation done
Event: 10.721 Executing VM operation: Cleanup
Event: 10.722 Executing VM operation: Cleanup done

Events (20 events):
Event: 10.043 loading class java/io/StringWriter
Event: 10.044 loading class java/io/StringWriter done
Event: 10.317 loading class javax/naming/RefAddr
Event: 10.317 loading class javax/naming/RefAddr done
Event: 10.317 loading class javax/naming/StringRefAddr
Event: 10.321 loading class javax/naming/StringRefAddr done
Event: 10.397 loading class jdk/internal/reflect/UnsafeQualifiedStaticObjectFieldAccessorImpl
Event: 10.398 loading class jdk/internal/reflect/UnsafeQualifiedStaticObjectFieldAccessorImpl done
Event: 10.405 loading class java/util/concurrent/CompletionStage
Event: 10.406 loading class java/util/concurrent/CompletionStage done
Event: 10.407 loading class java/util/concurrent/CompletableFuture
Event: 10.409 loading class java/util/concurrent/CompletableFuture done
Event: 10.409 loading class java/util/concurrent/CompletableFuture$AltResult
Event: 10.410 loading class java/util/concurrent/CompletableFuture$AltResult done
Event: 10.411 loading class java/util/concurrent/CompletableFuture$Completion
Event: 10.411 loading class java/util/concurrent/CompletableFuture$AsynchronousCompletionTask
Event: 10.412 loading class java/util/concurrent/CompletableFuture$AsynchronousCompletionTask done
Event: 10.412 loading class java/util/concurrent/CompletableFuture$Completion done
Event: 10.587 loading class java/util/concurrent/CancellationException
Event: 10.588 loading class java/util/concurrent/CancellationException done


Dynamic libraries:
0x00007ff7cf140000 - 0x00007ff7cf150000 	C:\Program Files\Java\jdk-17\bin\java.exe
0x00007ffdbd050000 - 0x00007ffdbd248000 	C:\WINDOWS\SYSTEM32\ntdll.dll
0x00007ffdbc0c0000 - 0x00007ffdbc181000 	C:\WINDOWS\System32\KERNEL32.DLL
0x00007ffdbabf0000 - 0x00007ffdbaee6000 	C:\WINDOWS\System32\KERNELBASE.dll
0x00007ffdba7a0000 - 0x00007ffdba8a0000 	C:\WINDOWS\System32\ucrtbase.dll
0x00007ffdb59c0000 - 0x00007ffdb59d9000 	C:\Program Files\Java\jdk-17\bin\jli.dll
0x00007ffdb2040000 - 0x00007ffdb205b000 	C:\Program Files\Java\jdk-17\bin\VCRUNTIME140.dll
0x00007ffdbcb10000 - 0x00007ffdbcbc0000 	C:\WINDOWS\System32\ADVAPI32.dll
0x00007ffdbcc20000 - 0x00007ffdbccbe000 	C:\WINDOWS\System32\msvcrt.dll
0x00007ffdbca70000 - 0x00007ffdbcb10000 	C:\WINDOWS\System32\sechost.dll
0x00007ffdbb220000 - 0x00007ffdbb343000 	C:\WINDOWS\System32\RPCRT4.dll
0x00007ffdbaef0000 - 0x00007ffdbaf17000 	C:\WINDOWS\System32\bcrypt.dll
0x00007ffdbce70000 - 0x00007ffdbd00f000 	C:\WINDOWS\System32\USER32.dll
0x00007ffdba9e0000 - 0x00007ffdbaa02000 	C:\WINDOWS\System32\win32u.dll
0x00007ffdbbbb0000 - 0x00007ffdbbbdb000 	C:\WINDOWS\System32\GDI32.dll
0x00007ffdbaad0000 - 0x00007ffdbabe7000 	C:\WINDOWS\System32\gdi32full.dll
0x00007ffdba700000 - 0x00007ffdba79d000 	C:\WINDOWS\System32\msvcp_win.dll
0x00007ffda2560000 - 0x00007ffda27fa000 	C:\WINDOWS\WinSxS\amd64_microsoft.windows.common-controls_6595b64144ccf1df_6.0.19041.4355_none_60b8b9eb71f62e16\COMCTL32.dll
0x00007ffda91d0000 - 0x00007ffda91da000 	C:\WINDOWS\SYSTEM32\VERSION.dll
0x00007ffdbc570000 - 0x00007ffdbc59f000 	C:\WINDOWS\System32\IMM32.DLL
0x00007ffdb6640000 - 0x00007ffdb664c000 	C:\Program Files\Java\jdk-17\bin\vcruntime140_1.dll
0x00007ffd9ea80000 - 0x00007ffd9eb0e000 	C:\Program Files\Java\jdk-17\bin\msvcp140.dll
0x00007ffd77a00000 - 0x00007ffd785e0000 	C:\Program Files\Java\jdk-17\bin\server\jvm.dll
0x00007ffdbbd80000 - 0x00007ffdbbd88000 	C:\WINDOWS\System32\PSAPI.DLL
0x00007ffda1e00000 - 0x00007ffda1e09000 	C:\WINDOWS\SYSTEM32\WSOCK32.dll
0x00007ffdbc4f0000 - 0x00007ffdbc55b000 	C:\WINDOWS\System32\WS2_32.dll
0x00007ffda7c50000 - 0x00007ffda7c77000 	C:\WINDOWS\SYSTEM32\WINMM.dll
0x00007ffdb8ed0000 - 0x00007ffdb8ee2000 	C:\WINDOWS\SYSTEM32\kernel.appcore.dll
0x00007ffdb4fa0000 - 0x00007ffdb4faa000 	C:\Program Files\Java\jdk-17\bin\jimage.dll
0x00007ffdb83c0000 - 0x00007ffdb85a4000 	C:\WINDOWS\SYSTEM32\DBGHELP.DLL
0x00007ffda7650000 - 0x00007ffda7684000 	C:\WINDOWS\SYSTEM32\dbgcore.DLL
0x00007ffdba8a0000 - 0x00007ffdba922000 	C:\WINDOWS\System32\bcryptPrimitives.dll
0x00007ffdaa2e0000 - 0x00007ffdaa305000 	C:\Program Files\Java\jdk-17\bin\java.dll
0x00007ffd9e9a0000 - 0x00007ffd9ea77000 	C:\Program Files\Java\jdk-17\bin\jsvml.dll
0x00007ffdbb440000 - 0x00007ffdbbbac000 	C:\WINDOWS\System32\SHELL32.dll
0x00007ffdb85b0000 - 0x00007ffdb8d4e000 	C:\WINDOWS\SYSTEM32\windows.storage.dll
0x00007ffdbc190000 - 0x00007ffdbc4e3000 	C:\WINDOWS\System32\combase.dll
0x00007ffdb9f70000 - 0x00007ffdb9f9e000 	C:\WINDOWS\SYSTEM32\Wldp.dll
0x00007ffdbb370000 - 0x00007ffdbb43d000 	C:\WINDOWS\System32\OLEAUT32.dll
0x00007ffdbbc40000 - 0x00007ffdbbced000 	C:\WINDOWS\System32\SHCORE.dll
0x00007ffdbc5a0000 - 0x00007ffdbc5f5000 	C:\WINDOWS\System32\shlwapi.dll
0x00007ffdba630000 - 0x00007ffdba654000 	C:\WINDOWS\SYSTEM32\profapi.dll
0x00007ffdb1b30000 - 0x00007ffdb1b49000 	C:\Program Files\Java\jdk-17\bin\net.dll
0x00007ffdb47d0000 - 0x00007ffdb48da000 	C:\WINDOWS\SYSTEM32\WINHTTP.dll
0x00007ffdb9d50000 - 0x00007ffdb9dba000 	C:\WINDOWS\system32\mswsock.dll
0x00007ffdaa2c0000 - 0x00007ffdaa2d6000 	C:\Program Files\Java\jdk-17\bin\nio.dll
0x00007ffdaa1c0000 - 0x00007ffdaa1d8000 	C:\Program Files\Java\jdk-17\bin\zip.dll
0x00007ffdb16d0000 - 0x00007ffdb16de000 	C:\Program Files\Java\jdk-17\bin\sunmscapi.dll
0x00007ffdbaf20000 - 0x00007ffdbb07e000 	C:\WINDOWS\System32\CRYPT32.dll
0x00007ffdba0c0000 - 0x00007ffdba0e9000 	C:\WINDOWS\SYSTEM32\ncrypt.dll
0x00007ffdba080000 - 0x00007ffdba0bb000 	C:\WINDOWS\SYSTEM32\NTASN1.dll
0x00007ffdb9fb0000 - 0x00007ffdb9fc8000 	C:\WINDOWS\SYSTEM32\CRYPTSP.dll
0x00007ffdb9690000 - 0x00007ffdb96c4000 	C:\WINDOWS\system32\rsaenh.dll
0x00007ffdba5e0000 - 0x00007ffdba60e000 	C:\WINDOWS\SYSTEM32\USERENV.dll
0x00007ffdb9ee0000 - 0x00007ffdb9eec000 	C:\WINDOWS\SYSTEM32\CRYPTBASE.dll
0x00007ffdb9a50000 - 0x00007ffdb9a8b000 	C:\WINDOWS\SYSTEM32\IPHLPAPI.DLL
0x00007ffdbb130000 - 0x00007ffdbb138000 	C:\WINDOWS\System32\NSI.dll
0x00007ffdb5d20000 - 0x00007ffdb5d37000 	C:\WINDOWS\SYSTEM32\dhcpcsvc6.DLL
0x00007ffdb5b70000 - 0x00007ffdb5b8d000 	C:\WINDOWS\SYSTEM32\dhcpcsvc.DLL
0x00007ffdb9a90000 - 0x00007ffdb9b5a000 	C:\WINDOWS\SYSTEM32\DNSAPI.dll
0x00007ffdb1ac0000 - 0x00007ffdb1aca000 	C:\Program Files\Java\jdk-17\bin\management.dll
0x00007ffdaa610000 - 0x00007ffdaa61b000 	C:\Program Files\Java\jdk-17\bin\management_ext.dll
0x00007ffda9f30000 - 0x00007ffda9f40000 	C:\Program Files\Java\jdk-17\bin\verify.dll
0x00007ffdb1140000 - 0x00007ffdb114a000 	C:\Windows\System32\rasadhlp.dll
0x00007ffdb1470000 - 0x00007ffdb14f0000 	C:\WINDOWS\System32\fwpuclnt.dll

dbghelp: loaded successfully - version: 4.0.5 - missing functions: none
symbol engine: initialized successfully - sym options: 0x614 - pdb path: .;C:\Program Files\Java\jdk-17\bin;C:\WINDOWS\SYSTEM32;C:\WINDOWS\WinSxS\amd64_microsoft.windows.common-controls_6595b64144ccf1df_6.0.19041.4355_none_60b8b9eb71f62e16;C:\Program Files\Java\jdk-17\bin\server

VM Arguments:
jvm_args: -XX:+ShowCodeDetailsInExceptionMessages 
java_command: com.psicolApp.apirest.ApirestApplication
java_class_path (initial): C:\Users\j40a_\OneDrive\Documentos\Developer\Portfolio Proyects\Proyect2_PsycologyApp\apirest\target\classes;C:\Users\j40a_\.m2\repository\org\springframework\boot\spring-boot-starter-data-jpa\3.3.1\spring-boot-starter-data-jpa-3.3.1.jar;C:\Users\j40a_\.m2\repository\org\springframework\boot\spring-boot-starter-aop\3.3.1\spring-boot-starter-aop-3.3.1.jar;C:\Users\j40a_\.m2\repository\org\aspectj\aspectjweaver\1.9.22\aspectjweaver-1.9.22.jar;C:\Users\j40a_\.m2\repository\org\springframework\boot\spring-boot-starter-jdbc\3.3.1\spring-boot-starter-jdbc-3.3.1.jar;C:\Users\j40a_\.m2\repository\com\zaxxer\HikariCP\5.1.0\HikariCP-5.1.0.jar;C:\Users\j40a_\.m2\repository\org\springframework\spring-jdbc\6.1.10\spring-jdbc-6.1.10.jar;C:\Users\j40a_\.m2\repository\org\hibernate\orm\hibernate-core\6.5.2.Final\hibernate-core-6.5.2.Final.jar;C:\Users\j40a_\.m2\repository\jakarta\persistence\jakarta.persistence-api\3.1.0\jakarta.persistence-api-3.1.0.jar;C:\Users\j40a_\.m2\repository\jakarta\transaction\jakarta.transaction-api\2.0.1\jakarta.transaction-api-2.0.1.jar;C:\Users\j40a_\.m2\repository\org\jboss\logging\jboss-logging\3.5.3.Final\jboss-logging-3.5.3.Final.jar;C:\Users\j40a_\.m2\repository\org\hibernate\common\hibernate-commons-annotations\6.0.6.Final\hibernate-commons-annotations-6.0.6.Final.jar;C:\Users\j40a_\.m2\repository\io\smallrye\jandex\3.1.2\jandex-3.1.2.jar;C:\Users\j40a_\.m2\repository\com\fasterxml\classmate\1.7.0\classmate-1.7.0.jar;C:\Users\j40a_\.m2\repository\net\bytebuddy\byte-buddy\1.14.17\byte-buddy-1.14.17.jar;C:\Users\j40a_\.m2\repository\org\glassfish\jaxb\jaxb-runtime\4.0.5\jaxb-runtime-4.0.5.jar;C:\Users\j40a_\.m2\repository\org\glassfish\jaxb\jaxb-core\4.0.5\jaxb-core-4.0.5.jar;C:\Users\j40a_\.m2\repository\org\eclipse\angus\angus-activation\2.0.2\angus-activation-2.0.2.jar;C:\Users\j40a_\.m2\repository\org\glassfish\jaxb\txw2\4.0.5\txw2-4.0.5.jar;C:\Users\j40a_\.m2\repository\com\sun\istack\istack-commons-runtime\4.1.2\
Launcher Type: SUN_STANDARD

[Global flags]
     intx CICompilerCount                          = 3                                         {product} {ergonomic}
     uint ConcGCThreads                            = 1                                         {product} {ergonomic}
     uint G1ConcRefinementThreads                  = 4                                         {product} {ergonomic}
   size_t G1HeapRegionSize                         = 1048576                                   {product} {ergonomic}
    uintx GCDrainStackTargetSize                   = 64                                        {product} {ergonomic}
   size_t InitialHeapSize                          = 98566144                                  {product} {ergonomic}
   size_t MarkStackSize                            = 4194304                                   {product} {ergonomic}
   size_t MaxHeapSize                              = 1568669696                                {product} {ergonomic}
   size_t MaxNewSize                               = 940572672                                 {product} {ergonomic}
   size_t MinHeapDeltaBytes                        = 1048576                                   {product} {ergonomic}
   size_t MinHeapSize                              = 8388608                                   {product} {ergonomic}
    uintx NonNMethodCodeHeapSize                   = 5832780                                {pd product} {ergonomic}
    uintx NonProfiledCodeHeapSize                  = 122912730                              {pd product} {ergonomic}
    uintx ProfiledCodeHeapSize                     = 122912730                              {pd product} {ergonomic}
    uintx ReservedCodeCacheSize                    = 251658240                              {pd product} {ergonomic}
     bool SegmentedCodeCache                       = true                                      {product} {ergonomic}
     bool ShowCodeDetailsInExceptionMessages       = true                                   {manageable} {command line}
   size_t SoftMaxHeapSize                          = 1568669696                             {manageable} {ergonomic}
     bool UseCompressedClassPointers               = true                           {product lp64_product} {ergonomic}
     bool UseCompressedOops                        = true                           {product lp64_product} {ergonomic}
     bool UseG1GC                                  = true                                      {product} {ergonomic}
     bool UseLargePagesIndividualAllocation        = false                                  {pd product} {ergonomic}

Logging:
Log output configuration:
 #0: stdout all=warning uptime,level,tags
 #1: stderr all=off uptime,level,tags

Environment Variables:
JAVA_HOME=C:\Program Files\Java\jdk-17
PATH=C:\Program Files\Common Files\Oracle\Java\javapath;C:\Program Files (x86)\VMware\VMware Player\bin\;C:\Users\j40a_;C:\Users\j40a_;C:\WINDOWS\system32;C:\WINDOWS;C:\WINDOWS\System32\Wbem;C:\WINDOWS\System32\WindowsPowerShell\v1.0\;C:\WINDOWS\System32\OpenSSH\;C:\Program Files\Git\cmd;C:\Program Files\PuTTY\;C:\Program Files\Docker\Docker\resources\bin;C:\ProgramData\chocolatey\bin;C:\Users\j40a_\AppData\Local\Packages\PythonSoftwareFoundation.Python.3.10_qbz5n2kfra8p0\LocalCache\local-packages\Python310\Scripts;C:\Program Files\nodejs\;C:\Users\j40a_\AppData\Local\Microsoft\WindowsApps;C:\Users\j40a_\AppData\Local\Programs\Microsoft VS Code\bin;C:\Program Files\PsychoPy;C:\Program Files\PsychoPy\DLLs;C:\Users\j40a_\AppData\Local\Packages\PythonSoftwareFoundation.Python.3.10_qbz5n2kfra8p0\LocalCache\local-packages\Python310\Scripts;C:\Program Files\MongoDB\Server\7.0\bin;C:\Users\j40a_\.detaspace\bin;C:\Users\j40a_\AppData\Roaming\npm;C:\Program Files\apache-maven-3.9.8\bin;
USERNAME=j40a_
LANG=es_ES.UTF-8
OS=Windows_NT
PROCESSOR_IDENTIFIER=Intel64 Family 6 Model 142 Stepping 9, GenuineIntel



---------------  S Y S T E M  ---------------

OS:
 Windows 10 , 64 bit Build 19041 (10.0.19041.4597)
OS uptime: 5 days 3:02 hours
Hyper-V role detected

CPU: total 4 (initial active 4) (2 cores per cpu, 2 threads per core) family 6 model 142 stepping 9 microcode 0xb4, cx8, cmov, fxsr, ht, mmx, 3dnowpref, sse, sse2, sse3, ssse3, sse4.1, sse4.2, popcnt, lzcnt, tsc, tscinvbit, avx, avx2, aes, erms, clmul, bmi1, bmi2, adx, fma, vzeroupper, clflush, clflushopt, hv

Memory: 4k page, system-wide physical 5978M (266M free)
TotalPageFile size 24410M (AvailPageFile size 6M)
current process WorkingSet (physical memory assigned to process): 195M, peak: 201M
current process commit charge ("private bytes"): 227M, peak: 231M

vm_info: Java HotSpot(TM) 64-Bit Server VM (17.0.11+7-LTS-207) for windows-amd64 JRE (17.0.11+7-LTS-207), built on Mar 11 2024 19:01:50 by "mach5one" with MS VC++ 17.6 (VS2022)

END.
