#
# There is insufficient memory for the Java Runtime Environment to continue.
# Native memory allocation (malloc) failed to allocate 1048576 bytes. Error detail: AllocateHeap
# Possible reasons:
#   The system is out of physical RAM or swap space
#   This process is running with CompressedOops enabled, and the Java Heap may be blocking the growth of the native heap
# Possible solutions:
#   Reduce memory load on the system
#   Increase physical memory or swap space
#   Check if swap backing store is full
#   Decrease Java heap size (-Xmx/-Xms)
#   Decrease number of Java threads
#   Decrease Java thread stack sizes (-Xss)
#   Set larger code cache with -XX:ReservedCodeCacheSize=
#   JVM is running with Unscaled Compressed Oops mode in which the Java heap is
#     placed in the first 4GB address space. The Java Heap base address is the
#     maximum limit for the native heap growth. Please use -XX:HeapBaseMinAddress
#     to set the Java Heap base and to place the Java Heap above 4GB virtual address.
# This output file may be truncated or incomplete.
#
#  Out of Memory Error (allocation.cpp:44), pid=18348, tid=6324
#
# JRE version: OpenJDK Runtime Environment Temurin-17.0.11+9 (17.0.11+9) (build 17.0.11+9)
# Java VM: OpenJDK 64-Bit Server VM Temurin-17.0.11+9 (17.0.11+9, mixed mode, emulated-client, tiered, compressed oops, compressed class ptrs, g1 gc, windows-amd64)
# No core dump will be written. Minidumps are not enabled by default on client versions of Windows
#

---------------  S U M M A R Y ------------

Command Line: -Xmx1024m -Dsts.lsp.client=vscode -Dsts.log.file=/dev/null -XX:TieredStopAtLevel=1 -Xlog:jni+resolve=off -Dspring.config.location=file:c:\Users\j40a_\.vscode\extensions\vmware.vscode-spring-boot-1.56.0\language-server\BOOT-INF\classes\application.properties org.springframework.ide.vscode.boot.app.BootLanguageServerBootApp

Host: Intel(R) Core(TM) i5-7200U CPU @ 2.50GHz, 4 cores, 5G,  Windows 10 , 64 bit Build 19041 (10.0.19041.4597)
Time: Sat Aug  3 08:36:29 2024 Hora est. Pacífico, Sudamérica elapsed time: 175214.860034 seconds (2d 0h 40m 14s)

---------------  T H R E A D  ---------------

Current thread (0x000002d816b36440):  VMThread "VM Thread" [stack: 0x000000e57f600000,0x000000e57f700000] [id=6324]

Stack: [0x000000e57f600000,0x000000e57f700000]
Native frames: (J=compiled Java code, j=interpreted, Vv=VM code, C=native code)
V  [jvm.dll+0x67d429]
V  [jvm.dll+0x834b7a]
V  [jvm.dll+0x83663e]
V  [jvm.dll+0x836ca3]
V  [jvm.dll+0x247dbf]
V  [jvm.dll+0xa6cb3]
V  [jvm.dll+0x2f8ad3]
V  [jvm.dll+0x2f4750]
V  [jvm.dll+0x2dcf67]
V  [jvm.dll+0x31fb67]
V  [jvm.dll+0x83b19b]
V  [jvm.dll+0x83bed2]
V  [jvm.dll+0x83c3ed]
V  [jvm.dll+0x83c7c4]
V  [jvm.dll+0x83c890]
V  [jvm.dll+0x7e410a]
V  [jvm.dll+0x67c315]
C  [ucrtbase.dll+0x21bb2]
C  [KERNEL32.DLL+0x17374]
C  [ntdll.dll+0x4cc91]

VM_Operation (0x000000e5007fef40): G1CollectFull, mode: safepoint, requested by thread 0x000002d81bf6e4f0


---------------  P R O C E S S  ---------------

Threads class SMR info:
_java_thread_list=0x000002d81d7a7cb0, length=24, elements={
0x000002d816b4bb30, 0x000002d816b4c9b0, 0x000002d816b8b010, 0x000002d816b8bbd0,
0x000002d816b8e6a0, 0x000002d816b8f060, 0x000002d816b909f0, 0x000002d816b91300,
0x000002d81b1e92e0, 0x000002d81b1eed70, 0x000002d81bd8c840, 0x000002d81bf6e4f0,
0x000002d81c6d1050, 0x000002d80a64acc0, 0x000002d81c6fcca0, 0x000002d81b97b3e0,
0x000002d81c89d570, 0x000002d81c89da80, 0x000002d81c89df90, 0x000002d81c89e4a0,
0x000002d81c6f4460, 0x000002d81c6f5390, 0x000002d81c6f11c0, 0x000002d81c6f3020
}

Java Threads: ( => current thread )
  0x000002d816b4bb30 JavaThread "Reference Handler" daemon [_thread_blocked, id=15684, stack(0x000000e57f700000,0x000000e57f800000)]
  0x000002d816b4c9b0 JavaThread "Finalizer" daemon [_thread_blocked, id=2724, stack(0x000000e57f800000,0x000000e57f900000)]
  0x000002d816b8b010 JavaThread "Signal Dispatcher" daemon [_thread_blocked, id=10136, stack(0x000000e57f900000,0x000000e57fa00000)]
  0x000002d816b8bbd0 JavaThread "Attach Listener" daemon [_thread_blocked, id=6804, stack(0x000000e57fa00000,0x000000e57fb00000)]
  0x000002d816b8e6a0 JavaThread "Service Thread" daemon [_thread_blocked, id=7520, stack(0x000000e57fb00000,0x000000e57fc00000)]
  0x000002d816b8f060 JavaThread "Monitor Deflation Thread" daemon [_thread_blocked, id=14252, stack(0x000000e57fc00000,0x000000e57fd00000)]
  0x000002d816b909f0 JavaThread "C1 CompilerThread0" daemon [_thread_blocked, id=1728, stack(0x000000e57fd00000,0x000000e57fe00000)]
  0x000002d816b91300 JavaThread "Sweeper thread" daemon [_thread_blocked, id=17572, stack(0x000000e57fe00000,0x000000e57ff00000)]
  0x000002d81b1e92e0 JavaThread "Notification Thread" daemon [_thread_blocked, id=10004, stack(0x000000e500000000,0x000000e500100000)]
  0x000002d81b1eed70 JavaThread "Common-Cleaner" daemon [_thread_blocked, id=12616, stack(0x000000e500200000,0x000000e500300000)]
  0x000002d81bd8c840 JavaThread "boundedElastic-evictor-1" daemon [_thread_blocked, id=5636, stack(0x000000e500500000,0x000000e500600000)]
  0x000002d81bf6e4f0 JavaThread "pool-13-thread-1" [_thread_blocked, id=14432, stack(0x000000e500700000,0x000000e500800000)]
  0x000002d81c6d1050 JavaThread "LanguageServerApp-lifecycle" [_thread_blocked, id=11380, stack(0x000000e500800000,0x000000e500900000)]
  0x000002d80a64acc0 JavaThread "DestroyJavaVM" [_thread_blocked, id=13368, stack(0x000000e57f000000,0x000000e57f100000)]
  0x000002d81c6fcca0 JavaThread "pool-14-thread-1" [_thread_in_native, id=16944, stack(0x000000e500900000,0x000000e500a00000)]
  0x000002d81b97b3e0 JavaThread "Simple-Language-Server main thread" daemon [_thread_blocked, id=5864, stack(0x000000e500a00000,0x000000e500b00000)]
  0x000002d81c89d570 JavaThread "pool-8-thread-1" [_thread_blocked, id=15876, stack(0x000000e500d00000,0x000000e500e00000)]
  0x000002d81c89da80 JavaThread "parallel-1" daemon [_thread_blocked, id=13220, stack(0x000000e500e00000,0x000000e500f00000)]
  0x000002d81c89df90 JavaThread "parallel-2" daemon [_thread_blocked, id=14644, stack(0x000000e500f00000,0x000000e501000000)]
  0x000002d81c89e4a0 JavaThread "pool-6-thread-1" [_thread_blocked, id=14232, stack(0x000000e501000000,0x000000e501100000)]
  0x000002d81c6f4460 JavaThread "parallel-3" daemon [_thread_blocked, id=10036, stack(0x000000e501100000,0x000000e501200000)]
  0x000002d81c6f5390 JavaThread "parallel-4" daemon [_thread_blocked, id=5720, stack(0x000000e501200000,0x000000e501300000)]
  0x000002d81c6f11c0 JavaThread "Reconciler-1" daemon [_thread_blocked, id=6540, stack(0x000000e501b00000,0x000000e501c00000)]
  0x000002d81c6f3020 JavaThread "CompletableFutureDelayScheduler" daemon [_thread_blocked, id=10196, stack(0x000000e501c00000,0x000000e501d00000)]

Other Threads:
=>0x000002d816b36440 VMThread "VM Thread" [stack: 0x000000e57f600000,0x000000e57f700000] [id=6324]
  0x000002d81b1eb7d0 WatcherThread [stack: 0x000000e500100000,0x000000e500200000] [id=17936]
  0x000002d80a688ae0 GCTaskThread "GC Thread#0" [stack: 0x000000e57f100000,0x000000e57f200000] [id=12468]
  0x000002d81b82b3c0 GCTaskThread "GC Thread#1" [stack: 0x000000e500300000,0x000000e500400000] [id=5176]
  0x000002d81b82b680 GCTaskThread "GC Thread#2" [stack: 0x000000e500400000,0x000000e500500000] [id=17644]
  0x000002d81b031e00 GCTaskThread "GC Thread#3" [stack: 0x000000e500600000,0x000000e500700000] [id=7920]
  0x000002d80a691a30 ConcurrentGCThread "G1 Main Marker" [stack: 0x000000e57f200000,0x000000e57f300000] [id=1644]
  0x000002d80a692450 ConcurrentGCThread "G1 Conc#0" [stack: 0x000000e57f300000,0x000000e57f400000] [id=7360]
  0x000002d80a6f45c0 ConcurrentGCThread "G1 Refine#0" [stack: 0x000000e57f400000,0x000000e57f500000] [id=6068]
  0x000002d80a6f4ff0 ConcurrentGCThread "G1 Service" [stack: 0x000000e57f500000,0x000000e57f600000] [id=7740]

Threads with active compile tasks:

VM state: at safepoint (normal execution)

VM Mutex/Monitor currently owned by a thread:  ([mutex/lock_event])
[0x000002d80a539020] Threads_lock - owner thread: 0x000002d816b36440
[0x000002d80a647a30] Heap_lock - owner thread: 0x000002d81bf6e4f0

Heap address: 0x00000000c0000000, size: 1024 MB, Compressed Oops mode: 32-bit

CDS archive(s) not mapped
Compressed class space mapped at: 0x0000000100000000-0x0000000140000000, reserved size: 1073741824
Narrow klass base: 0x0000000000000000, Narrow klass shift: 3, Narrow klass range: 0x140000000

GC Precious Log:
 CPUs: 4 total, 4 available
 Memory: 5978M
 Large Page Support: Disabled
 NUMA Support: Disabled
 Compressed Oops: Enabled (32-bit)
 Heap Region Size: 1M
 Heap Min Capacity: 8M
 Heap Initial Capacity: 94M
 Heap Max Capacity: 1G
 Pre-touch: Disabled
 Parallel Workers: 4
 Concurrent Workers: 1
 Concurrent Refinement Workers: 4
 Periodic GC: Disabled

Heap:
 garbage-first heap   total 95232K, used 37486K [0x00000000c0000000, 0x0000000100000000)
  region size 1024K, 1 young (1024K), 0 survivors (0K)
 Metaspace       used 61932K, committed 62464K, reserved 1114112K
  class space    used 7572K, committed 7808K, reserved 1048576K

Heap Regions: E=young(eden), S=young(survivor), O=old, HS=humongous(starts), HC=humongous(continues), CS=collection set, F=free, OA=open archive, CA=closed archive, TAMS=top-at-mark-start (previous, next)
|   0|0x00000000c0000000, 0x00000000c0100000, 0x00000000c0100000|100%|HS|  |TAMS 0x00000000c0100000, 0x00000000c0000000| Untracked 
|   1|0x00000000c0100000, 0x00000000c0200000, 0x00000000c0200000|100%|HC|  |TAMS 0x00000000c0200000, 0x00000000c0100000| Untracked 
|   2|0x00000000c0200000, 0x00000000c0300000, 0x00000000c0300000|100%|HC|  |TAMS 0x00000000c0300000, 0x00000000c0200000| Untracked 
|   3|0x00000000c0300000, 0x00000000c0400000, 0x00000000c0400000|100%|HC|  |TAMS 0x00000000c0400000, 0x00000000c0300000| Untracked 
|   4|0x00000000c0400000, 0x00000000c04ff6b0, 0x00000000c0500000| 99%| O|  |TAMS 0x00000000c04ff6b0, 0x00000000c0400000| Untracked 
|   5|0x00000000c0500000, 0x00000000c0600000, 0x00000000c0600000|100%| O|  |TAMS 0x00000000c0600000, 0x00000000c0500000| Untracked 
|   6|0x00000000c0600000, 0x00000000c0700000, 0x00000000c0700000|100%| O|  |TAMS 0x00000000c0700000, 0x00000000c0600000| Untracked 
|   7|0x00000000c0700000, 0x00000000c07fe458, 0x00000000c0800000| 99%| O|  |TAMS 0x00000000c07fe458, 0x00000000c0700000| Untracked 
|   8|0x00000000c0800000, 0x00000000c0900000, 0x00000000c0900000|100%| O|  |TAMS 0x00000000c0900000, 0x00000000c0800000| Untracked 
|   9|0x00000000c0900000, 0x00000000c0a00000, 0x00000000c0a00000|100%| O|  |TAMS 0x00000000c0a00000, 0x00000000c0900000| Untracked 
|  10|0x00000000c0a00000, 0x00000000c0b00000, 0x00000000c0b00000|100%|HS|  |TAMS 0x00000000c0b00000, 0x00000000c0a00000| Untracked 
|  11|0x00000000c0b00000, 0x00000000c0c00000, 0x00000000c0c00000|100%|HC|  |TAMS 0x00000000c0c00000, 0x00000000c0b00000| Untracked 
|  12|0x00000000c0c00000, 0x00000000c0d00000, 0x00000000c0d00000|100%| O|  |TAMS 0x00000000c0d00000, 0x00000000c0c00000| Untracked 
|  13|0x00000000c0d00000, 0x00000000c0dfffe0, 0x00000000c0e00000| 99%| O|  |TAMS 0x00000000c0dfffe0, 0x00000000c0d00000| Untracked 
|  14|0x00000000c0e00000, 0x00000000c0f00000, 0x00000000c0f00000|100%| O|  |TAMS 0x00000000c0f00000, 0x00000000c0e00000| Untracked 
|  15|0x00000000c0f00000, 0x00000000c1000000, 0x00000000c1000000|100%| O|  |TAMS 0x00000000c1000000, 0x00000000c0f00000| Untracked 
|  16|0x00000000c1000000, 0x00000000c10fcc18, 0x00000000c1100000| 98%| O|  |TAMS 0x00000000c10fcc18, 0x00000000c1000000| Untracked 
|  17|0x00000000c1100000, 0x00000000c11fffe0, 0x00000000c1200000| 99%| O|  |TAMS 0x00000000c11fffe0, 0x00000000c1100000| Untracked 
|  18|0x00000000c1200000, 0x00000000c12ffdd8, 0x00000000c1300000| 99%| O|  |TAMS 0x00000000c12ffdd8, 0x00000000c1200000| Untracked 
|  19|0x00000000c1300000, 0x00000000c13fffb8, 0x00000000c1400000| 99%| O|  |TAMS 0x00000000c13fffb8, 0x00000000c1300000| Untracked 
|  20|0x00000000c1400000, 0x00000000c14fffe0, 0x00000000c1500000| 99%| O|  |TAMS 0x00000000c14fffe0, 0x00000000c1400000| Untracked 
|  21|0x00000000c1500000, 0x00000000c15ffff8, 0x00000000c1600000| 99%| O|  |TAMS 0x00000000c15ffff8, 0x00000000c1500000| Untracked 
|  22|0x00000000c1600000, 0x00000000c1700000, 0x00000000c1700000|100%| O|  |TAMS 0x00000000c1700000, 0x00000000c1600000| Untracked 
|  23|0x00000000c1700000, 0x00000000c17ffff0, 0x00000000c1800000| 99%| O|  |TAMS 0x00000000c17ffff0, 0x00000000c1700000| Untracked 
|  24|0x00000000c1800000, 0x00000000c18ffff8, 0x00000000c1900000| 99%| O|  |TAMS 0x00000000c18ffff8, 0x00000000c1800000| Untracked 
|  25|0x00000000c1900000, 0x00000000c19fffe0, 0x00000000c1a00000| 99%| O|  |TAMS 0x00000000c19fffe0, 0x00000000c1900000| Untracked 
|  26|0x00000000c1a00000, 0x00000000c1affff8, 0x00000000c1b00000| 99%| O|  |TAMS 0x00000000c1affff8, 0x00000000c1a00000| Untracked 
|  27|0x00000000c1b00000, 0x00000000c1bffff8, 0x00000000c1c00000| 99%| O|  |TAMS 0x00000000c1bffff8, 0x00000000c1b00000| Untracked 
|  28|0x00000000c1c00000, 0x00000000c1cff7a0, 0x00000000c1d00000| 99%| O|  |TAMS 0x00000000c1cff7a0, 0x00000000c1c00000| Untracked 
|  29|0x00000000c1d00000, 0x00000000c1dffff8, 0x00000000c1e00000| 99%| O|  |TAMS 0x00000000c1dffff8, 0x00000000c1d00000| Untracked 
|  30|0x00000000c1e00000, 0x00000000c1efffd8, 0x00000000c1f00000| 99%| O|  |TAMS 0x00000000c1efffd8, 0x00000000c1e00000| Untracked 
|  31|0x00000000c1f00000, 0x00000000c1fed1e8, 0x00000000c2000000| 92%| O|  |TAMS 0x00000000c1f00000, 0x00000000c1f00000| Untracked 
|  32|0x00000000c2000000, 0x00000000c2100000, 0x00000000c2100000|100%|HS|  |TAMS 0x00000000c2100000, 0x00000000c2000000| Untracked 
|  33|0x00000000c2100000, 0x00000000c21b4c28, 0x00000000c2200000| 70%| O|  |TAMS 0x00000000c2100000, 0x00000000c2100000| Untracked 
|  34|0x00000000c2200000, 0x00000000c2200000, 0x00000000c2300000|  0%| F|  |TAMS 0x00000000c2200000, 0x00000000c2200000| Untracked 
|  35|0x00000000c2300000, 0x00000000c2300000, 0x00000000c2400000|  0%| F|  |TAMS 0x00000000c2300000, 0x00000000c2300000| Untracked 
|  36|0x00000000c2400000, 0x00000000c2400000, 0x00000000c2500000|  0%| F|  |TAMS 0x00000000c2400000, 0x00000000c2400000| Untracked 
|  37|0x00000000c2500000, 0x00000000c2500000, 0x00000000c2600000|  0%| F|  |TAMS 0x00000000c2500000, 0x00000000c2500000| Untracked 
|  38|0x00000000c2600000, 0x00000000c2600000, 0x00000000c2700000|  0%| F|  |TAMS 0x00000000c2600000, 0x00000000c2600000| Untracked 
|  39|0x00000000c2700000, 0x00000000c2700000, 0x00000000c2800000|  0%| F|  |TAMS 0x00000000c2700000, 0x00000000c2700000| Untracked 
|  40|0x00000000c2800000, 0x00000000c2800000, 0x00000000c2900000|  0%| F|  |TAMS 0x00000000c2800000, 0x00000000c2800000| Untracked 
|  41|0x00000000c2900000, 0x00000000c2900000, 0x00000000c2a00000|  0%| F|  |TAMS 0x00000000c2900000, 0x00000000c2900000| Untracked 
|  42|0x00000000c2a00000, 0x00000000c2a00000, 0x00000000c2b00000|  0%| F|  |TAMS 0x00000000c2a00000, 0x00000000c2a00000| Untracked 
|  43|0x00000000c2b00000, 0x00000000c2b00000, 0x00000000c2c00000|  0%| F|  |TAMS 0x00000000c2b00000, 0x00000000c2b00000| Untracked 
|  44|0x00000000c2c00000, 0x00000000c2c00000, 0x00000000c2d00000|  0%| F|  |TAMS 0x00000000c2c00000, 0x00000000c2c00000| Untracked 
|  45|0x00000000c2d00000, 0x00000000c2d00000, 0x00000000c2e00000|  0%| F|  |TAMS 0x00000000c2d00000, 0x00000000c2d00000| Untracked 
|  46|0x00000000c2e00000, 0x00000000c2e00000, 0x00000000c2f00000|  0%| F|  |TAMS 0x00000000c2e00000, 0x00000000c2e00000| Untracked 
|  47|0x00000000c2f00000, 0x00000000c2f00000, 0x00000000c3000000|  0%| F|  |TAMS 0x00000000c2f00000, 0x00000000c2f00000| Untracked 
|  48|0x00000000c3000000, 0x00000000c3000000, 0x00000000c3100000|  0%| F|  |TAMS 0x00000000c3000000, 0x00000000c3000000| Untracked 
|  49|0x00000000c3100000, 0x00000000c3100000, 0x00000000c3200000|  0%| F|  |TAMS 0x00000000c3100000, 0x00000000c3100000| Untracked 
|  50|0x00000000c3200000, 0x00000000c3200000, 0x00000000c3300000|  0%| F|  |TAMS 0x00000000c3200000, 0x00000000c3200000| Untracked 
|  51|0x00000000c3300000, 0x00000000c3300000, 0x00000000c3400000|  0%| F|  |TAMS 0x00000000c3300000, 0x00000000c3300000| Untracked 
|  52|0x00000000c3400000, 0x00000000c3400000, 0x00000000c3500000|  0%| F|  |TAMS 0x00000000c3400000, 0x00000000c3400000| Untracked 
|  53|0x00000000c3500000, 0x00000000c3500000, 0x00000000c3600000|  0%| F|  |TAMS 0x00000000c3500000, 0x00000000c3500000| Untracked 
|  54|0x00000000c3600000, 0x00000000c3600000, 0x00000000c3700000|  0%| F|  |TAMS 0x00000000c3600000, 0x00000000c3600000| Untracked 
|  55|0x00000000c3700000, 0x00000000c3700000, 0x00000000c3800000|  0%| F|  |TAMS 0x00000000c3700000, 0x00000000c3700000| Untracked 
|  56|0x00000000c3800000, 0x00000000c3800000, 0x00000000c3900000|  0%| F|  |TAMS 0x00000000c3800000, 0x00000000c3800000| Untracked 
|  57|0x00000000c3900000, 0x00000000c3900000, 0x00000000c3a00000|  0%| F|  |TAMS 0x00000000c3900000, 0x00000000c3900000| Untracked 
|  58|0x00000000c3a00000, 0x00000000c3a00000, 0x00000000c3b00000|  0%| F|  |TAMS 0x00000000c3a00000, 0x00000000c3a00000| Untracked 
|  59|0x00000000c3b00000, 0x00000000c3b00000, 0x00000000c3c00000|  0%| F|  |TAMS 0x00000000c3b00000, 0x00000000c3b00000| Untracked 
|  60|0x00000000c3c00000, 0x00000000c3c00000, 0x00000000c3d00000|  0%| F|  |TAMS 0x00000000c3c00000, 0x00000000c3c00000| Untracked 
|  61|0x00000000c3d00000, 0x00000000c3d00000, 0x00000000c3e00000|  0%| F|  |TAMS 0x00000000c3d00000, 0x00000000c3d00000| Untracked 
|  62|0x00000000c3e00000, 0x00000000c3e00000, 0x00000000c3f00000|  0%| F|  |TAMS 0x00000000c3e00000, 0x00000000c3e00000| Untracked 
|  63|0x00000000c3f00000, 0x00000000c3f00000, 0x00000000c4000000|  0%| F|  |TAMS 0x00000000c3f00000, 0x00000000c3f00000| Untracked 
|  64|0x00000000c4000000, 0x00000000c4000000, 0x00000000c4100000|  0%| F|  |TAMS 0x00000000c4000000, 0x00000000c4000000| Untracked 
|  65|0x00000000c4100000, 0x00000000c4100000, 0x00000000c4200000|  0%| F|  |TAMS 0x00000000c4100000, 0x00000000c4100000| Untracked 
|  66|0x00000000c4200000, 0x00000000c4200000, 0x00000000c4300000|  0%| F|  |TAMS 0x00000000c4200000, 0x00000000c4200000| Untracked 
|  67|0x00000000c4300000, 0x00000000c4300000, 0x00000000c4400000|  0%| F|  |TAMS 0x00000000c4300000, 0x00000000c4300000| Untracked 
|  68|0x00000000c4400000, 0x00000000c4400000, 0x00000000c4500000|  0%| F|  |TAMS 0x00000000c4400000, 0x00000000c4400000| Untracked 
|  69|0x00000000c4500000, 0x00000000c4500000, 0x00000000c4600000|  0%| F|  |TAMS 0x00000000c4500000, 0x00000000c4500000| Untracked 
|  70|0x00000000c4600000, 0x00000000c4600000, 0x00000000c4700000|  0%| F|  |TAMS 0x00000000c4600000, 0x00000000c4600000| Untracked 
|  71|0x00000000c4700000, 0x00000000c4700000, 0x00000000c4800000|  0%| F|  |TAMS 0x00000000c4700000, 0x00000000c4700000| Untracked 
|  72|0x00000000c4800000, 0x00000000c4800000, 0x00000000c4900000|  0%| F|  |TAMS 0x00000000c4800000, 0x00000000c4800000| Untracked 
|  73|0x00000000c4900000, 0x00000000c4900000, 0x00000000c4a00000|  0%| F|  |TAMS 0x00000000c4900000, 0x00000000c4900000| Untracked 
|  74|0x00000000c4a00000, 0x00000000c4a00000, 0x00000000c4b00000|  0%| F|  |TAMS 0x00000000c4a00000, 0x00000000c4a00000| Untracked 
|  75|0x00000000c4b00000, 0x00000000c4b00000, 0x00000000c4c00000|  0%| F|  |TAMS 0x00000000c4b00000, 0x00000000c4b00000| Untracked 
|  76|0x00000000c4c00000, 0x00000000c4c00000, 0x00000000c4d00000|  0%| F|  |TAMS 0x00000000c4c00000, 0x00000000c4c00000| Untracked 
|  77|0x00000000c4d00000, 0x00000000c4d00000, 0x00000000c4e00000|  0%| F|  |TAMS 0x00000000c4d00000, 0x00000000c4d00000| Untracked 
|  78|0x00000000c4e00000, 0x00000000c4e00000, 0x00000000c4f00000|  0%| F|  |TAMS 0x00000000c4e00000, 0x00000000c4e00000| Untracked 
|  79|0x00000000c4f00000, 0x00000000c4f00000, 0x00000000c5000000|  0%| F|  |TAMS 0x00000000c4f00000, 0x00000000c4f00000| Untracked 
|  80|0x00000000c5000000, 0x00000000c5000000, 0x00000000c5100000|  0%| F|  |TAMS 0x00000000c5000000, 0x00000000c5000000| Untracked 
|  81|0x00000000c5100000, 0x00000000c5100000, 0x00000000c5200000|  0%| F|  |TAMS 0x00000000c5100000, 0x00000000c5100000| Untracked 
|  82|0x00000000c5200000, 0x00000000c5200000, 0x00000000c5300000|  0%| F|  |TAMS 0x00000000c5200000, 0x00000000c5200000| Untracked 
|  83|0x00000000c5300000, 0x00000000c5300000, 0x00000000c5400000|  0%| F|  |TAMS 0x00000000c5300000, 0x00000000c5300000| Untracked 
|  84|0x00000000c5400000, 0x00000000c5400000, 0x00000000c5500000|  0%| F|  |TAMS 0x00000000c5400000, 0x00000000c5400000| Untracked 
|  85|0x00000000c5500000, 0x00000000c5500000, 0x00000000c5600000|  0%| F|  |TAMS 0x00000000c5500000, 0x00000000c5500000| Untracked 
|  86|0x00000000c5600000, 0x00000000c5600000, 0x00000000c5700000|  0%| F|  |TAMS 0x00000000c5600000, 0x00000000c5600000| Untracked 
|  87|0x00000000c5700000, 0x00000000c5700000, 0x00000000c5800000|  0%| F|  |TAMS 0x00000000c5700000, 0x00000000c5700000| Untracked 
|  88|0x00000000c5800000, 0x00000000c5800000, 0x00000000c5900000|  0%| F|  |TAMS 0x00000000c5800000, 0x00000000c5800000| Untracked 
|  89|0x00000000c5900000, 0x00000000c5a00000, 0x00000000c5a00000|100%| O|  |TAMS 0x00000000c5a00000, 0x00000000c5900000| Untracked 
|  90|0x00000000c5a00000, 0x00000000c5b00000, 0x00000000c5b00000|100%| O|  |TAMS 0x00000000c5b00000, 0x00000000c5a00000| Untracked 
|  91|0x00000000c5b00000, 0x00000000c5c00000, 0x00000000c5c00000|100%| O|  |TAMS 0x00000000c5c00000, 0x00000000c5b00000| Untracked 
|  93|0x00000000c5d00000, 0x00000000c5d058a8, 0x00000000c5e00000|  2%| E|  |TAMS 0x00000000c5d00000, 0x00000000c5d00000| Complete 

Card table byte_map: [0x000002d812170000,0x000002d812370000] _byte_map_base: 0x000002d811b70000

Marking Bits (Prev, Next): (CMBitMap*) 0x000002d80a689140, (CMBitMap*) 0x000002d80a689100
 Prev Bits: [0x000002d813570000, 0x000002d814570000)
 Next Bits: [0x000002d812570000, 0x000002d813570000)

Polling page: 0x000002d80a4a0000

Metaspace:

Usage:
  Non-class:     53.09 MB used.
      Class:      7.39 MB used.
       Both:     60.48 MB used.

Virtual space:
  Non-class space:       64.00 MB reserved,      53.38 MB ( 83%) committed,  1 nodes.
      Class space:        1.00 GB reserved,       7.62 MB ( <1%) committed,  1 nodes.
             Both:        1.06 GB reserved,      61.00 MB (  6%) committed. 

Chunk freelists:
   Non-Class:  10.04 MB
       Class:  8.36 MB
        Both:  18.40 MB

MaxMetaspaceSize: unlimited
CompressedClassSpaceSize: 1.00 GB
Initial GC threshold: 21.00 MB
Current GC threshold: 101.50 MB
CDS: off
MetaspaceReclaimPolicy: balanced
 - commit_granule_bytes: 65536.
 - commit_granule_words: 8192.
 - virtual_space_node_default_size: 8388608.
 - enlarge_chunks_in_place: 1.
 - new_chunks_are_fully_committed: 0.
 - uncommit_free_chunks: 1.
 - use_allocation_guard: 0.
 - handle_deallocations: 1.


Internal statistics:

num_allocs_failed_limit: 6.
num_arena_births: 952.
num_arena_deaths: 406.
num_vsnodes_births: 2.
num_vsnodes_deaths: 0.
num_space_committed: 975.
num_space_uncommitted: 0.
num_chunks_returned_to_freelist: 508.
num_chunks_taken_from_freelist: 3078.
num_chunk_merges: 141.
num_chunk_splits: 1949.
num_chunks_enlarged: 1441.
num_inconsistent_stats: 0.

CodeCache: size=49152Kb used=18635Kb max_used=19729Kb free=30516Kb
 bounds [0x000002d80ead0000, 0x000002d80fe20000, 0x000002d811ad0000]
 total_blobs=10369 nmethods=9689 adapters=606
 compilation: enabled
              stopped_count=0, restarted_count=0
 full_count=0

Compilation events (20 events):
Event: 166776.201 Thread 0x000002d816b909f0 9912       1       org.eclipse.jdt.internal.compiler.problem.ProblemReporter::handle (45 bytes)
Event: 166776.204 Thread 0x000002d816b909f0 nmethod 9912 0x000002d80fc77390 code [0x000002d80fc77540, 0x000002d80fc77718]
Event: 166776.435 Thread 0x000002d816b909f0 9913  s!   1       org.springframework.ide.vscode.commons.languageserver.util.ListenerList::fire (57 bytes)
Event: 166776.441 Thread 0x000002d816b909f0 nmethod 9913 0x000002d80fc76c90 code [0x000002d80fc76e80, 0x000002d80fc771c8]
Event: 166778.863 Thread 0x000002d816b909f0 9914   !   1       java.util.concurrent.FutureTask::run (123 bytes)
Event: 166778.873 Thread 0x000002d816b909f0 nmethod 9914 0x000002d80fc75690 code [0x000002d80fc75960, 0x000002d80fc76528]
Event: 166779.204 Thread 0x000002d816b909f0 9915       1       com.google.gson.internal.ConstructorConstructor::newUnsafeAllocator (52 bytes)
Event: 166779.217 Thread 0x000002d816b909f0 nmethod 9915 0x000002d80fc74d10 code [0x000002d80fc74f20, 0x000002d80fc75458]
Event: 166779.217 Thread 0x000002d816b909f0 9917       1       com.google.gson.internal.bind.JsonTreeWriter::beginObject (26 bytes)
Event: 166779.233 Thread 0x000002d816b909f0 nmethod 9917 0x000002d80fc74790 code [0x000002d80fc74940, 0x000002d80fc74bc8]
Event: 166779.233 Thread 0x000002d816b909f0 9918       1       com.google.gson.internal.bind.JsonTreeWriter::endObject (70 bytes)
Event: 166779.236 Thread 0x000002d816b909f0 nmethod 9918 0x000002d80fe1a390 code [0x000002d80fe1a580, 0x000002d80fe1a8c8]
Event: 166779.236 Thread 0x000002d816b909f0 9919       1       com.google.gson.internal.bind.JsonTreeWriter::get (47 bytes)
Event: 166779.237 Thread 0x000002d816b909f0 nmethod 9919 0x000002d80fe19b90 code [0x000002d80fe19da0, 0x000002d80fe1a1b8]
Event: 166779.237 Thread 0x000002d816b909f0 9916       1       com.google.gson.internal.ConstructorConstructor$19::<init> (15 bytes)
Event: 166779.237 Thread 0x000002d816b909f0 nmethod 9916 0x000002d80fc74210 code [0x000002d80fc743a0, 0x000002d80fc744f8]
Event: 166779.251 Thread 0x000002d816b909f0 9920   !   1       jdk.internal.reflect.GeneratedConstructorAccessor14::newInstance (53 bytes)
Event: 166779.258 Thread 0x000002d816b909f0 nmethod 9920 0x000002d80fe19210 code [0x000002d80fe19400, 0x000002d80fe198a8]
Event: 166783.542 Thread 0x000002d816b909f0 9921       1       java.util.concurrent.FutureTask::set (30 bytes)
Event: 166783.543 Thread 0x000002d816b909f0 nmethod 9921 0x000002d80fe18a90 code [0x000002d80fe18c60, 0x000002d80fe19008]

GC Heap History (20 events):
Event: 175108.657 GC heap before
{Heap before GC invocations=12738 (full 12677):
 garbage-first heap   total 95232K, used 37486K [0x00000000c0000000, 0x0000000100000000)
  region size 1024K, 1 young (1024K), 0 survivors (0K)
 Metaspace       used 61932K, committed 62464K, reserved 1114112K
  class space    used 7572K, committed 7808K, reserved 1048576K
}
Event: 175108.711 GC heap after
{Heap after GC invocations=12739 (full 12678):
 garbage-first heap   total 95232K, used 37486K [0x00000000c0000000, 0x0000000100000000)
  region size 1024K, 0 young (0K), 0 survivors (0K)
 Metaspace       used 61932K, committed 62464K, reserved 1114112K
  class space    used 7572K, committed 7808K, reserved 1048576K
}
Event: 175118.901 GC heap before
{Heap before GC invocations=12739 (full 12678):
 garbage-first heap   total 95232K, used 37486K [0x00000000c0000000, 0x0000000100000000)
  region size 1024K, 1 young (1024K), 0 survivors (0K)
 Metaspace       used 61932K, committed 62464K, reserved 1114112K
  class space    used 7572K, committed 7808K, reserved 1048576K
}
Event: 175118.970 GC heap after
{Heap after GC invocations=12740 (full 12679):
 garbage-first heap   total 95232K, used 37486K [0x00000000c0000000, 0x0000000100000000)
  region size 1024K, 0 young (0K), 0 survivors (0K)
 Metaspace       used 61932K, committed 62464K, reserved 1114112K
  class space    used 7572K, committed 7808K, reserved 1048576K
}
Event: 175129.312 GC heap before
{Heap before GC invocations=12740 (full 12679):
 garbage-first heap   total 95232K, used 37486K [0x00000000c0000000, 0x0000000100000000)
  region size 1024K, 1 young (1024K), 0 survivors (0K)
 Metaspace       used 61932K, committed 62464K, reserved 1114112K
  class space    used 7572K, committed 7808K, reserved 1048576K
}
Event: 175129.379 GC heap after
{Heap after GC invocations=12741 (full 12680):
 garbage-first heap   total 95232K, used 37486K [0x00000000c0000000, 0x0000000100000000)
  region size 1024K, 0 young (0K), 0 survivors (0K)
 Metaspace       used 61932K, committed 62464K, reserved 1114112K
  class space    used 7572K, committed 7808K, reserved 1048576K
}
Event: 175139.633 GC heap before
{Heap before GC invocations=12741 (full 12680):
 garbage-first heap   total 95232K, used 37486K [0x00000000c0000000, 0x0000000100000000)
  region size 1024K, 1 young (1024K), 0 survivors (0K)
 Metaspace       used 61932K, committed 62464K, reserved 1114112K
  class space    used 7572K, committed 7808K, reserved 1048576K
}
Event: 175139.697 GC heap after
{Heap after GC invocations=12742 (full 12681):
 garbage-first heap   total 95232K, used 37486K [0x00000000c0000000, 0x0000000100000000)
  region size 1024K, 0 young (0K), 0 survivors (0K)
 Metaspace       used 61932K, committed 62464K, reserved 1114112K
  class space    used 7572K, committed 7808K, reserved 1048576K
}
Event: 175150.483 GC heap before
{Heap before GC invocations=12742 (full 12681):
 garbage-first heap   total 95232K, used 37486K [0x00000000c0000000, 0x0000000100000000)
  region size 1024K, 1 young (1024K), 0 survivors (0K)
 Metaspace       used 61932K, committed 62464K, reserved 1114112K
  class space    used 7572K, committed 7808K, reserved 1048576K
}
Event: 175150.568 GC heap after
{Heap after GC invocations=12743 (full 12682):
 garbage-first heap   total 95232K, used 37486K [0x00000000c0000000, 0x0000000100000000)
  region size 1024K, 0 young (0K), 0 survivors (0K)
 Metaspace       used 61932K, committed 62464K, reserved 1114112K
  class space    used 7572K, committed 7808K, reserved 1048576K
}
Event: 175161.333 GC heap before
{Heap before GC invocations=12743 (full 12682):
 garbage-first heap   total 95232K, used 37486K [0x00000000c0000000, 0x0000000100000000)
  region size 1024K, 1 young (1024K), 0 survivors (0K)
 Metaspace       used 61932K, committed 62464K, reserved 1114112K
  class space    used 7572K, committed 7808K, reserved 1048576K
}
Event: 175161.395 GC heap after
{Heap after GC invocations=12744 (full 12683):
 garbage-first heap   total 95232K, used 37486K [0x00000000c0000000, 0x0000000100000000)
  region size 1024K, 0 young (0K), 0 survivors (0K)
 Metaspace       used 61932K, committed 62464K, reserved 1114112K
  class space    used 7572K, committed 7808K, reserved 1048576K
}
Event: 175172.082 GC heap before
{Heap before GC invocations=12744 (full 12683):
 garbage-first heap   total 95232K, used 37486K [0x00000000c0000000, 0x0000000100000000)
  region size 1024K, 1 young (1024K), 0 survivors (0K)
 Metaspace       used 61932K, committed 62464K, reserved 1114112K
  class space    used 7572K, committed 7808K, reserved 1048576K
}
Event: 175172.143 GC heap after
{Heap after GC invocations=12745 (full 12684):
 garbage-first heap   total 95232K, used 37486K [0x00000000c0000000, 0x0000000100000000)
  region size 1024K, 0 young (0K), 0 survivors (0K)
 Metaspace       used 61932K, committed 62464K, reserved 1114112K
  class space    used 7572K, committed 7808K, reserved 1048576K
}
Event: 175182.366 GC heap before
{Heap before GC invocations=12745 (full 12684):
 garbage-first heap   total 95232K, used 37486K [0x00000000c0000000, 0x0000000100000000)
  region size 1024K, 1 young (1024K), 0 survivors (0K)
 Metaspace       used 61932K, committed 62464K, reserved 1114112K
  class space    used 7572K, committed 7808K, reserved 1048576K
}
Event: 175182.427 GC heap after
{Heap after GC invocations=12746 (full 12685):
 garbage-first heap   total 95232K, used 37486K [0x00000000c0000000, 0x0000000100000000)
  region size 1024K, 0 young (0K), 0 survivors (0K)
 Metaspace       used 61932K, committed 62464K, reserved 1114112K
  class space    used 7572K, committed 7808K, reserved 1048576K
}
Event: 175192.673 GC heap before
{Heap before GC invocations=12746 (full 12685):
 garbage-first heap   total 95232K, used 37486K [0x00000000c0000000, 0x0000000100000000)
  region size 1024K, 1 young (1024K), 0 survivors (0K)
 Metaspace       used 61932K, committed 62464K, reserved 1114112K
  class space    used 7572K, committed 7808K, reserved 1048576K
}
Event: 175192.729 GC heap after
{Heap after GC invocations=12747 (full 12686):
 garbage-first heap   total 95232K, used 37486K [0x00000000c0000000, 0x0000000100000000)
  region size 1024K, 0 young (0K), 0 survivors (0K)
 Metaspace       used 61932K, committed 62464K, reserved 1114112K
  class space    used 7572K, committed 7808K, reserved 1048576K
}
Event: 175202.902 GC heap before
{Heap before GC invocations=12747 (full 12686):
 garbage-first heap   total 95232K, used 37486K [0x00000000c0000000, 0x0000000100000000)
  region size 1024K, 1 young (1024K), 0 survivors (0K)
 Metaspace       used 61932K, committed 62464K, reserved 1114112K
  class space    used 7572K, committed 7808K, reserved 1048576K
}
Event: 175202.950 GC heap after
{Heap after GC invocations=12748 (full 12687):
 garbage-first heap   total 95232K, used 37486K [0x00000000c0000000, 0x0000000100000000)
  region size 1024K, 0 young (0K), 0 survivors (0K)
 Metaspace       used 61932K, committed 62464K, reserved 1114112K
  class space    used 7572K, committed 7808K, reserved 1048576K
}

Dll operation events (10 events):
Event: 0.237 Loaded shared library c:\Users\j40a_\.vscode\extensions\redhat.java-1.32.0-win32-x64\jre\17.0.11-win32-x86_64\bin\java.dll
Event: 1.397 Loaded shared library C:\Users\j40a_\.vscode\extensions\redhat.java-1.32.0-win32-x64\jre\17.0.11-win32-x86_64\bin\net.dll
Event: 1.399 Loaded shared library C:\Users\j40a_\.vscode\extensions\redhat.java-1.32.0-win32-x64\jre\17.0.11-win32-x86_64\bin\nio.dll
Event: 2.482 Loaded shared library C:\Users\j40a_\.vscode\extensions\redhat.java-1.32.0-win32-x64\jre\17.0.11-win32-x86_64\bin\zip.dll
Event: 25.014 Loaded shared library C:\Users\j40a_\.vscode\extensions\redhat.java-1.32.0-win32-x64\jre\17.0.11-win32-x86_64\bin\jimage.dll
Event: 29.812 Loaded shared library c:\Users\j40a_\.vscode\extensions\redhat.java-1.32.0-win32-x64\jre\17.0.11-win32-x86_64\bin\verify.dll
Event: 51.719 Loaded shared library C:\Users\j40a_\.vscode\extensions\redhat.java-1.32.0-win32-x64\jre\17.0.11-win32-x86_64\bin\management.dll
Event: 51.738 Loaded shared library C:\Users\j40a_\.vscode\extensions\redhat.java-1.32.0-win32-x64\jre\17.0.11-win32-x86_64\bin\management_ext.dll
Event: 55.905 Loaded shared library C:\Users\j40a_\.vscode\extensions\redhat.java-1.32.0-win32-x64\jre\17.0.11-win32-x86_64\bin\sunmscapi.dll
Event: 56.773 Loaded shared library C:\Users\j40a_\.vscode\extensions\redhat.java-1.32.0-win32-x64\jre\17.0.11-win32-x86_64\bin\extnet.dll

Deoptimization events (20 events):
Event: 423.999 Thread 0x000002d81c89e4a0 DEOPT PACKING pc=0x000002d80f35854c sp=0x000000e5010fe5a0
Event: 423.999 Thread 0x000002d81c89e4a0 DEOPT UNPACKING pc=0x000002d80eb27143 sp=0x000000e5010fda98 mode 0
Event: 424.061 Thread 0x000002d81c89e4a0 DEOPT PACKING pc=0x000002d80f28338c sp=0x000000e5010fe910
Event: 424.061 Thread 0x000002d81c89e4a0 DEOPT UNPACKING pc=0x000002d80eb27143 sp=0x000000e5010fde78 mode 0
Event: 424.061 Thread 0x000002d81c89e4a0 DEOPT PACKING pc=0x000002d80f35854c sp=0x000000e5010fea40
Event: 424.061 Thread 0x000002d81c89e4a0 DEOPT UNPACKING pc=0x000002d80eb27143 sp=0x000000e5010fdf38 mode 0
Event: 594.209 Thread 0x000002d81c6f71f0 DEOPT PACKING pc=0x000002d80f53e5cc sp=0x000000e5015fdf20
Event: 594.209 Thread 0x000002d81c6f71f0 DEOPT UNPACKING pc=0x000002d80eb27143 sp=0x000000e5015fd3e0 mode 0
Event: 594.210 Thread 0x000002d81c6f58a0 DEOPT PACKING pc=0x000002d80f21c304 sp=0x000000e5013fdc70
Event: 594.210 Thread 0x000002d81c6f58a0 DEOPT UNPACKING pc=0x000002d80eb27143 sp=0x000000e5013fd158 mode 0
Event: 594.210 Thread 0x000002d81c6f58a0 DEOPT PACKING pc=0x000002d80f218744 sp=0x000000e5013fdd50
Event: 594.213 Thread 0x000002d81c6f58a0 DEOPT UNPACKING pc=0x000002d80eb27143 sp=0x000000e5013fd210 mode 0
Event: 594.213 Thread 0x000002d81c6f58a0 DEOPT PACKING pc=0x000002d80f204dd4 sp=0x000000e5013fddd0
Event: 594.213 Thread 0x000002d81c6f58a0 DEOPT UNPACKING pc=0x000002d80eb27143 sp=0x000000e5013fd208 mode 0
Event: 1706.348 Thread 0x000002d81c6f58a0 DEOPT PACKING pc=0x000002d80f76b734 sp=0x000000e500cfe540
Event: 1706.349 Thread 0x000002d81c6f58a0 DEOPT UNPACKING pc=0x000002d80eb27143 sp=0x000000e500cfda90 mode 0
Event: 1729.189 Thread 0x000002d81c6f58a0 DEOPT PACKING pc=0x000002d80f7e4384 sp=0x000000e500cfdbc0
Event: 1729.189 Thread 0x000002d81c6f58a0 DEOPT UNPACKING pc=0x000002d80eb27143 sp=0x000000e500cfd038 mode 0
Event: 120052.454 Thread 0x000002d81c6f4e80 DEOPT PACKING pc=0x000002d80f68b5a6 sp=0x000000e500cfe810
Event: 120052.456 Thread 0x000002d81c6f4e80 DEOPT UNPACKING pc=0x000002d80eb27143 sp=0x000000e500cfdd98 mode 0

Classes unloaded (20 events):
Event: 118052.602 Thread 0x000002d816b36440 Unloading class 0x00000001007a1c00 'java/lang/invoke/LambdaForm$MH+0x00000001007a1c00'
Event: 118052.602 Thread 0x000002d816b36440 Unloading class 0x00000001007a1800 'java/lang/invoke/LambdaForm$MH+0x00000001007a1800'
Event: 118052.602 Thread 0x000002d816b36440 Unloading class 0x00000001007a0c00 'java/lang/invoke/LambdaForm$MH+0x00000001007a0c00'
Event: 118052.602 Thread 0x000002d816b36440 Unloading class 0x00000001007a0800 'java/lang/invoke/LambdaForm$MH+0x00000001007a0800'
Event: 118052.602 Thread 0x000002d816b36440 Unloading class 0x00000001007a0400 'java/lang/invoke/LambdaForm$MH+0x00000001007a0400'
Event: 118052.602 Thread 0x000002d816b36440 Unloading class 0x0000000100575000 'java/lang/invoke/LambdaForm$MH+0x0000000100575000'
Event: 118052.602 Thread 0x000002d816b36440 Unloading class 0x0000000100410000 'java/lang/invoke/LambdaForm$MH+0x0000000100410000'
Event: 118052.602 Thread 0x000002d816b36440 Unloading class 0x0000000100798800 'java/lang/invoke/LambdaForm$MH+0x0000000100798800'
Event: 118052.602 Thread 0x000002d816b36440 Unloading class 0x0000000100799400 'java/lang/invoke/LambdaForm$MH+0x0000000100799400'
Event: 120374.233 Thread 0x000002d816b36440 Unloading class 0x00000001007a4800 'java/lang/invoke/LambdaForm$MH+0x00000001007a4800'
Event: 120374.234 Thread 0x000002d816b36440 Unloading class 0x00000001007a4400 'java/lang/invoke/LambdaForm$MH+0x00000001007a4400'
Event: 120374.234 Thread 0x000002d816b36440 Unloading class 0x00000001007a4000 'java/lang/invoke/LambdaForm$MH+0x00000001007a4000'
Event: 120385.060 Thread 0x000002d816b36440 Unloading class 0x00000001007a5c00 'jdk/internal/reflect/GeneratedConstructorAccessor76'
Event: 120385.060 Thread 0x000002d816b36440 Unloading class 0x00000001007a3400 'jdk/internal/reflect/GeneratedMethodAccessor35'
Event: 120385.060 Thread 0x000002d816b36440 Unloading class 0x00000001007a3000 'jdk/internal/reflect/GeneratedConstructorAccessor72'
Event: 120385.060 Thread 0x000002d816b36440 Unloading class 0x00000001007a2c00 'jdk/internal/reflect/GeneratedMethodAccessor34'
Event: 120385.060 Thread 0x000002d816b36440 Unloading class 0x0000000100799400 'jdk/internal/reflect/GeneratedConstructorAccessor71'
Event: 120385.060 Thread 0x000002d816b36440 Unloading class 0x0000000100798800 'jdk/internal/reflect/GeneratedMethodAccessor33'
Event: 120385.060 Thread 0x000002d816b36440 Unloading class 0x0000000100410000 'jdk/internal/reflect/GeneratedMethodAccessor32'
Event: 120385.060 Thread 0x000002d816b36440 Unloading class 0x0000000100575000 'jdk/internal/reflect/GeneratedMethodAccessor31'

Classes redefined (0 events):
No events

Internal exceptions (20 events):
Event: 125236.581 Thread 0x000002d81c89e4a0 Implicit null exception at 0x000002d80f7ce70a to 0x000002d80f7cf90a
Event: 125236.581 Thread 0x000002d81c89e4a0 Exception <a 'java/lang/NullPointerException'{0x00000000c4569538}> (0x00000000c4569538) 
thrown [s\src\hotspot\share\runtime\sharedRuntime.cpp, line 631]
Event: 125236.581 Thread 0x000002d81c89e4a0 Implicit null exception at 0x000002d80f7ce70a to 0x000002d80f7cf90a
Event: 125236.581 Thread 0x000002d81c89e4a0 Exception <a 'java/lang/NullPointerException'{0x00000000c456a120}> (0x00000000c456a120) 
thrown [s\src\hotspot\share\runtime\sharedRuntime.cpp, line 631]
Event: 125236.581 Thread 0x000002d81c89e4a0 Implicit null exception at 0x000002d80f7ce70a to 0x000002d80f7cf90a
Event: 125236.581 Thread 0x000002d81c89e4a0 Exception <a 'java/lang/NullPointerException'{0x00000000c456aa60}> (0x00000000c456aa60) 
thrown [s\src\hotspot\share\runtime\sharedRuntime.cpp, line 631]
Event: 125241.081 Thread 0x000002d81c89e4a0 Implicit null exception at 0x000002d80f7ce70a to 0x000002d80f7cf90a
Event: 125241.081 Thread 0x000002d81c89e4a0 Exception <a 'java/lang/NullPointerException'{0x00000000c4c272a0}> (0x00000000c4c272a0) 
thrown [s\src\hotspot\share\runtime\sharedRuntime.cpp, line 631]
Event: 125241.081 Thread 0x000002d81c89e4a0 Implicit null exception at 0x000002d80f7ce70a to 0x000002d80f7cf90a
Event: 125241.081 Thread 0x000002d81c89e4a0 Exception <a 'java/lang/NullPointerException'{0x00000000c4c27af0}> (0x00000000c4c27af0) 
thrown [s\src\hotspot\share\runtime\sharedRuntime.cpp, line 631]
Event: 125241.081 Thread 0x000002d81c89e4a0 Implicit null exception at 0x000002d80f7ce70a to 0x000002d80f7cf90a
Event: 125241.081 Thread 0x000002d81c89e4a0 Exception <a 'java/lang/NullPointerException'{0x00000000c4c28888}> (0x00000000c4c28888) 
thrown [s\src\hotspot\share\runtime\sharedRuntime.cpp, line 631]
Event: 125241.081 Thread 0x000002d81c89e4a0 Implicit null exception at 0x000002d80f7ce70a to 0x000002d80f7cf90a
Event: 125241.081 Thread 0x000002d81c89e4a0 Exception <a 'java/lang/NullPointerException'{0x00000000c4c29608}> (0x00000000c4c29608) 
thrown [s\src\hotspot\share\runtime\sharedRuntime.cpp, line 631]
Event: 125241.081 Thread 0x000002d81c89e4a0 Implicit null exception at 0x000002d80f7ce70a to 0x000002d80f7cf90a
Event: 125241.081 Thread 0x000002d81c89e4a0 Exception <a 'java/lang/NullPointerException'{0x00000000c4c2a280}> (0x00000000c4c2a280) 
thrown [s\src\hotspot\share\runtime\sharedRuntime.cpp, line 631]
Event: 125241.081 Thread 0x000002d81c89e4a0 Implicit null exception at 0x000002d80f7ce70a to 0x000002d80f7cf90a
Event: 125241.081 Thread 0x000002d81c89e4a0 Exception <a 'java/lang/NullPointerException'{0x00000000c4c2ae68}> (0x00000000c4c2ae68) 
thrown [s\src\hotspot\share\runtime\sharedRuntime.cpp, line 631]
Event: 125241.081 Thread 0x000002d81c89e4a0 Implicit null exception at 0x000002d80f7ce70a to 0x000002d80f7cf90a
Event: 125241.081 Thread 0x000002d81c89e4a0 Exception <a 'java/lang/NullPointerException'{0x00000000c4c2b7a8}> (0x00000000c4c2b7a8) 
thrown [s\src\hotspot\share\runtime\sharedRuntime.cpp, line 631]

VM Operations (20 events):
Event: 175108.711 Executing VM operation: G1CollectFull done
Event: 175118.901 Executing VM operation: G1CollectFull
Event: 175118.970 Executing VM operation: G1CollectFull done
Event: 175129.311 Executing VM operation: G1CollectFull
Event: 175129.379 Executing VM operation: G1CollectFull done
Event: 175139.632 Executing VM operation: G1CollectFull
Event: 175139.697 Executing VM operation: G1CollectFull done
Event: 175150.482 Executing VM operation: G1CollectFull
Event: 175150.568 Executing VM operation: G1CollectFull done
Event: 175161.332 Executing VM operation: G1CollectFull
Event: 175161.396 Executing VM operation: G1CollectFull done
Event: 175172.081 Executing VM operation: G1CollectFull
Event: 175172.144 Executing VM operation: G1CollectFull done
Event: 175182.366 Executing VM operation: G1CollectFull
Event: 175182.427 Executing VM operation: G1CollectFull done
Event: 175192.673 Executing VM operation: G1CollectFull
Event: 175192.729 Executing VM operation: G1CollectFull done
Event: 175202.902 Executing VM operation: G1CollectFull
Event: 175202.950 Executing VM operation: G1CollectFull done
Event: 175214.789 Executing VM operation: G1CollectFull

Events (20 events):
Event: 166756.099 Thread 0x000002d81c6f3a40 Thread added: 0x000002d81c6f3a40
Event: 166756.107 Thread 0x000002d81c6f1be0 Thread added: 0x000002d81c6f1be0
Event: 166756.123 Thread 0x000002d81c6f2b10 Thread added: 0x000002d81c6f2b10
Event: 166756.127 Thread 0x000002d81d7434d0 Thread added: 0x000002d81d7434d0
Event: 166756.128 Thread 0x000002d81d743f70 Thread added: 0x000002d81d743f70
Event: 166759.274 Thread 0x000002d81d743f70 Thread exited: 0x000002d81d743f70
Event: 166764.385 Thread 0x000002d81d7434d0 Thread exited: 0x000002d81d7434d0
Event: 166779.489 Thread 0x000002d81c6f0cb0 Thread added: 0x000002d81c6f0cb0
Event: 166816.142 Thread 0x000002d81c6f7c10 Thread exited: 0x000002d81c6f7c10
Event: 166836.305 Thread 0x000002d81c6f5db0 Thread exited: 0x000002d81c6f5db0
Event: 166836.544 Thread 0x000002d81c6f62c0 Thread exited: 0x000002d81c6f62c0
Event: 166839.501 Thread 0x000002d81c6f0cb0 Thread exited: 0x000002d81c6f0cb0
Event: 166841.266 Thread 0x000002d81c6f1be0 Thread exited: 0x000002d81c6f1be0
Event: 166844.107 Thread 0x000002d81c6f2b10 Thread exited: 0x000002d81c6f2b10
Event: 166904.117 Thread 0x000002d81c6f71f0 Thread exited: 0x000002d81c6f71f0
Event: 166964.118 Thread 0x000002d81c6f3a40 Thread exited: 0x000002d81c6f3a40
Event: 169950.962 Thread 0x000002d81c6f7700 Thread added: 0x000002d81c6f7700
Event: 169950.991 Thread 0x000002d81c6f5db0 Thread added: 0x000002d81c6f5db0
Event: 170015.427 Thread 0x000002d81c6f7700 Thread exited: 0x000002d81c6f7700
Event: 170015.428 Thread 0x000002d81c6f5db0 Thread exited: 0x000002d81c6f5db0


Dynamic libraries:
0x00007ff6c4600000 - 0x00007ff6c460e000 	c:\Users\j40a_\.vscode\extensions\redhat.java-1.32.0-win32-x64\jre\17.0.11-win32-x86_64\bin\java.exe
0x00007ffdbd050000 - 0x00007ffdbd248000 	C:\WINDOWS\SYSTEM32\ntdll.dll
0x00007ffdbc0c0000 - 0x00007ffdbc181000 	C:\WINDOWS\System32\KERNEL32.DLL
0x00007ffdbabf0000 - 0x00007ffdbaee6000 	C:\WINDOWS\System32\KERNELBASE.dll
0x00007ffdba7a0000 - 0x00007ffdba8a0000 	C:\WINDOWS\System32\ucrtbase.dll
0x00007ffdb53b0000 - 0x00007ffdb53c7000 	c:\Users\j40a_\.vscode\extensions\redhat.java-1.32.0-win32-x64\jre\17.0.11-win32-x86_64\bin\jli.dll
0x00007ffdbce70000 - 0x00007ffdbd00f000 	C:\WINDOWS\System32\USER32.dll
0x00007ffdaa630000 - 0x00007ffdaa64b000 	c:\Users\j40a_\.vscode\extensions\redhat.java-1.32.0-win32-x64\jre\17.0.11-win32-x86_64\bin\VCRUNTIME140.dll
0x00007ffdba9e0000 - 0x00007ffdbaa02000 	C:\WINDOWS\System32\win32u.dll
0x00007ffdbbbb0000 - 0x00007ffdbbbdb000 	C:\WINDOWS\System32\GDI32.dll
0x00007ffdbaad0000 - 0x00007ffdbabe7000 	C:\WINDOWS\System32\gdi32full.dll
0x00007ffda2560000 - 0x00007ffda27fa000 	C:\WINDOWS\WinSxS\amd64_microsoft.windows.common-controls_6595b64144ccf1df_6.0.19041.4355_none_60b8b9eb71f62e16\COMCTL32.dll
0x00007ffdba700000 - 0x00007ffdba79d000 	C:\WINDOWS\System32\msvcp_win.dll
0x00007ffdbcc20000 - 0x00007ffdbccbe000 	C:\WINDOWS\System32\msvcrt.dll
0x00007ffdbc570000 - 0x00007ffdbc59f000 	C:\WINDOWS\System32\IMM32.DLL
0x00007ffdb5ae0000 - 0x00007ffdb5aec000 	c:\Users\j40a_\.vscode\extensions\redhat.java-1.32.0-win32-x64\jre\17.0.11-win32-x86_64\bin\vcruntime140_1.dll
0x00007ffda6ba0000 - 0x00007ffda6c2d000 	c:\Users\j40a_\.vscode\extensions\redhat.java-1.32.0-win32-x64\jre\17.0.11-win32-x86_64\bin\msvcp140.dll
0x00007ffd7f340000 - 0x00007ffd7ffa2000 	c:\Users\j40a_\.vscode\extensions\redhat.java-1.32.0-win32-x64\jre\17.0.11-win32-x86_64\bin\server\jvm.dll
0x00007ffdbcb10000 - 0x00007ffdbcbc0000 	C:\WINDOWS\System32\ADVAPI32.dll
0x00007ffdbca70000 - 0x00007ffdbcb10000 	C:\WINDOWS\System32\sechost.dll
0x00007ffdbb220000 - 0x00007ffdbb343000 	C:\WINDOWS\System32\RPCRT4.dll
0x00007ffdbaef0000 - 0x00007ffdbaf17000 	C:\WINDOWS\System32\bcrypt.dll
0x00007ffdba550000 - 0x00007ffdba59b000 	C:\WINDOWS\SYSTEM32\POWRPROF.dll
0x00007ffda1e00000 - 0x00007ffda1e09000 	C:\WINDOWS\SYSTEM32\WSOCK32.dll
0x00007ffdbc4f0000 - 0x00007ffdbc55b000 	C:\WINDOWS\System32\WS2_32.dll
0x00007ffda7c50000 - 0x00007ffda7c77000 	C:\WINDOWS\SYSTEM32\WINMM.dll
0x00007ffda91d0000 - 0x00007ffda91da000 	C:\WINDOWS\SYSTEM32\VERSION.dll
0x00007ffdba530000 - 0x00007ffdba542000 	C:\WINDOWS\SYSTEM32\UMPDC.dll
0x00007ffdb8ed0000 - 0x00007ffdb8ee2000 	C:\WINDOWS\SYSTEM32\kernel.appcore.dll
0x00007ffdb5a90000 - 0x00007ffdb5a9a000 	c:\Users\j40a_\.vscode\extensions\redhat.java-1.32.0-win32-x64\jre\17.0.11-win32-x86_64\bin\jimage.dll
0x00007ffdb83c0000 - 0x00007ffdb85a4000 	C:\WINDOWS\SYSTEM32\DBGHELP.DLL
0x00007ffda7650000 - 0x00007ffda7684000 	C:\WINDOWS\SYSTEM32\dbgcore.DLL
0x00007ffdba8a0000 - 0x00007ffdba922000 	C:\WINDOWS\System32\bcryptPrimitives.dll
0x00007ffdaa120000 - 0x00007ffdaa145000 	c:\Users\j40a_\.vscode\extensions\redhat.java-1.32.0-win32-x64\jre\17.0.11-win32-x86_64\bin\java.dll
0x00007ffdaa100000 - 0x00007ffdaa118000 	c:\Users\j40a_\.vscode\extensions\redhat.java-1.32.0-win32-x64\jre\17.0.11-win32-x86_64\bin\zip.dll
0x00007ffdbb440000 - 0x00007ffdbbbac000 	C:\WINDOWS\System32\SHELL32.dll
0x00007ffdb85b0000 - 0x00007ffdb8d4e000 	C:\WINDOWS\SYSTEM32\windows.storage.dll
0x00007ffdbc190000 - 0x00007ffdbc4e3000 	C:\WINDOWS\System32\combase.dll
0x00007ffdb9f70000 - 0x00007ffdb9f9e000 	C:\WINDOWS\SYSTEM32\Wldp.dll
0x00007ffdbb370000 - 0x00007ffdbb43d000 	C:\WINDOWS\System32\OLEAUT32.dll
0x00007ffdbbc40000 - 0x00007ffdbbced000 	C:\WINDOWS\System32\SHCORE.dll
0x00007ffdbc5a0000 - 0x00007ffdbc5f5000 	C:\WINDOWS\System32\shlwapi.dll
0x00007ffdba630000 - 0x00007ffdba654000 	C:\WINDOWS\SYSTEM32\profapi.dll
0x00007ffda9f90000 - 0x00007ffda9fa9000 	C:\Users\j40a_\.vscode\extensions\redhat.java-1.32.0-win32-x64\jre\17.0.11-win32-x86_64\bin\net.dll
0x00007ffdb47d0000 - 0x00007ffdb48da000 	C:\WINDOWS\SYSTEM32\WINHTTP.dll
0x00007ffdb9d50000 - 0x00007ffdb9dba000 	C:\WINDOWS\system32\mswsock.dll
0x00007ffda9eb0000 - 0x00007ffda9ec6000 	C:\Users\j40a_\.vscode\extensions\redhat.java-1.32.0-win32-x64\jre\17.0.11-win32-x86_64\bin\nio.dll
0x00007ffdb51b0000 - 0x00007ffdb51c0000 	c:\Users\j40a_\.vscode\extensions\redhat.java-1.32.0-win32-x64\jre\17.0.11-win32-x86_64\bin\verify.dll
0x00007ffdb9fb0000 - 0x00007ffdb9fc8000 	C:\WINDOWS\SYSTEM32\CRYPTSP.dll
0x00007ffdb9690000 - 0x00007ffdb96c4000 	C:\WINDOWS\system32\rsaenh.dll
0x00007ffdba5e0000 - 0x00007ffdba60e000 	C:\WINDOWS\SYSTEM32\USERENV.dll
0x00007ffdb9ee0000 - 0x00007ffdb9eec000 	C:\WINDOWS\SYSTEM32\CRYPTBASE.dll
0x00007ffdb9a50000 - 0x00007ffdb9a8b000 	C:\WINDOWS\SYSTEM32\IPHLPAPI.DLL
0x00007ffdbb130000 - 0x00007ffdbb138000 	C:\WINDOWS\System32\NSI.dll
0x00007ffdb5d20000 - 0x00007ffdb5d37000 	C:\WINDOWS\SYSTEM32\dhcpcsvc6.DLL
0x00007ffdb5b70000 - 0x00007ffdb5b8d000 	C:\WINDOWS\SYSTEM32\dhcpcsvc.DLL
0x00007ffdb9a90000 - 0x00007ffdb9b5a000 	C:\WINDOWS\SYSTEM32\DNSAPI.dll
0x00007ffdaa290000 - 0x00007ffdaa299000 	C:\Users\j40a_\.vscode\extensions\redhat.java-1.32.0-win32-x64\jre\17.0.11-win32-x86_64\bin\management.dll
0x00007ffdaa060000 - 0x00007ffdaa06b000 	C:\Users\j40a_\.vscode\extensions\redhat.java-1.32.0-win32-x64\jre\17.0.11-win32-x86_64\bin\management_ext.dll
0x00007ffdbbd80000 - 0x00007ffdbbd88000 	C:\WINDOWS\System32\PSAPI.DLL
0x00007ffdb6430000 - 0x00007ffdb643e000 	C:\Users\j40a_\.vscode\extensions\redhat.java-1.32.0-win32-x64\jre\17.0.11-win32-x86_64\bin\sunmscapi.dll
0x00007ffdbaf20000 - 0x00007ffdbb07e000 	C:\WINDOWS\System32\CRYPT32.dll
0x00007ffdba0c0000 - 0x00007ffdba0e9000 	C:\WINDOWS\SYSTEM32\ncrypt.dll
0x00007ffdba080000 - 0x00007ffdba0bb000 	C:\WINDOWS\SYSTEM32\NTASN1.dll
0x00007ffdb1140000 - 0x00007ffdb114a000 	C:\Windows\System32\rasadhlp.dll
0x00007ffdb1470000 - 0x00007ffdb14f0000 	C:\WINDOWS\System32\fwpuclnt.dll
0x00007ffdb5170000 - 0x00007ffdb5179000 	C:\Users\j40a_\.vscode\extensions\redhat.java-1.32.0-win32-x64\jre\17.0.11-win32-x86_64\bin\extnet.dll

dbghelp: loaded successfully - version: 4.0.5 - missing functions: none
symbol engine: initialized successfully - sym options: 0x614 - pdb path: .;c:\Users\j40a_\.vscode\extensions\redhat.java-1.32.0-win32-x64\jre\17.0.11-win32-x86_64\bin;C:\WINDOWS\SYSTEM32;C:\WINDOWS\WinSxS\amd64_microsoft.windows.common-controls_6595b64144ccf1df_6.0.19041.4355_none_60b8b9eb71f62e16;c:\Users\j40a_\.vscode\extensions\redhat.java-1.32.0-win32-x64\jre\17.0.11-win32-x86_64\bin\server

VM Arguments:
jvm_args: -Xmx1024m -Dsts.lsp.client=vscode -Dsts.log.file=/dev/null -XX:TieredStopAtLevel=1 -Xlog:jni+resolve=off -Dspring.config.location=file:c:\Users\j40a_\.vscode\extensions\vmware.vscode-spring-boot-1.56.0\language-server\BOOT-INF\classes\application.properties 
java_command: org.springframework.ide.vscode.boot.app.BootLanguageServerBootApp
java_class_path (initial): c:\Users\j40a_\.vscode\extensions\vmware.vscode-spring-boot-1.56.0\language-server\BOOT-INF\classes;c:\Users\j40a_\.vscode\extensions\vmware.vscode-spring-boot-1.56.0\language-server\BOOT-INF\lib\annotations-24.1.0.jar;c:\Users\j40a_\.vscode\extensions\vmware.vscode-spring-boot-1.56.0\language-server\BOOT-INF\lib\antlr4-runtime-4.13.1.jar;c:\Users\j40a_\.vscode\extensions\vmware.vscode-spring-boot-1.56.0\language-server\BOOT-INF\lib\asm-9.7.jar;c:\Users\j40a_\.vscode\extensions\vmware.vscode-spring-boot-1.56.0\language-server\BOOT-INF\lib\asm-analysis-9.7.jar;c:\Users\j40a_\.vscode\extensions\vmware.vscode-spring-boot-1.56.0\language-server\BOOT-INF\lib\asm-tree-9.7.jar;c:\Users\j40a_\.vscode\extensions\vmware.vscode-spring-boot-1.56.0\language-server\BOOT-INF\lib\asm-util-9.7.jar;c:\Users\j40a_\.vscode\extensions\vmware.vscode-spring-boot-1.56.0\language-server\BOOT-INF\lib\caffeine-3.1.8.jar;c:\Users\j40a_\.vscode\extensions\vmware.vscode-spring-boot-1.56.0\language-server\BOOT-INF\lib\checker-qual-3.12.0.jar;c:\Users\j40a_\.vscode\extensions\vmware.vscode-spring-boot-1.56.0\language-server\BOOT-INF\lib\classgraph-4.8.149.jar;c:\Users\j40a_\.vscode\extensions\vmware.vscode-spring-boot-1.56.0\language-server\BOOT-INF\lib\commons-codec-1.16.1.jar;c:\Users\j40a_\.vscode\extensions\vmware.vscode-spring-boot-1.56.0\language-server\BOOT-INF\lib\commons-compress-1.26.2.jar;c:\Users\j40a_\.vscode\extensions\vmware.vscode-spring-boot-1.56.0\language-server\BOOT-INF\lib\commons-io-2.16.1.jar;c:\Users\j40a_\.vscode\extensions\vmware.vscode-spring-boot-1.56.0\language-server\BOOT-INF\lib\commons-java-1.56.0-SNAPSHOT.jar;c:\Users\j40a_\.vscode\extensions\vmware.vscode-spring-boot-1.56.0\language-server\BOOT-INF\lib\commons-lang3-3.14.0.jar;c:\Users\j40a_\.vscode\extensions\vmware.vscode-spring-boot-1.56.0\language-server\BOOT-INF\lib\commons-language-server-1.56.0-SNAPSHOT.jar;c:\Users\j40a_\.vscode\extensions\vmware.vscode-spring-boot-1.56.0\langu
Launcher Type: SUN_STANDARD

[Global flags]
     intx CICompilerCount                          = 3                                         {product} {ergonomic}
     uint ConcGCThreads                            = 1                                         {product} {ergonomic}
     uint G1ConcRefinementThreads                  = 4                                         {product} {ergonomic}
   size_t G1HeapRegionSize                         = 1048576                                   {product} {ergonomic}
    uintx GCDrainStackTargetSize                   = 64                                        {product} {ergonomic}
   size_t InitialHeapSize                          = 98566144                                  {product} {ergonomic}
   size_t MarkStackSize                            = 4194304                                   {product} {ergonomic}
   size_t MaxHeapSize                              = 1073741824                                {product} {command line}
   size_t MaxNewSize                               = 643825664                                 {product} {ergonomic}
   size_t MinHeapDeltaBytes                        = 1048576                                   {product} {ergonomic}
   size_t MinHeapSize                              = 8388608                                   {product} {ergonomic}
    uintx NonProfiledCodeHeapSize                  = 0                                      {pd product} {ergonomic}
     bool ProfileInterpreter                       = false                                  {pd product} {command line}
    uintx ProfiledCodeHeapSize                     = 0                                      {pd product} {ergonomic}
   size_t SoftMaxHeapSize                          = 1073741824                             {manageable} {ergonomic}
     intx TieredStopAtLevel                        = 1                                         {product} {command line}
     bool UseCompressedClassPointers               = true                           {product lp64_product} {ergonomic}
     bool UseCompressedOops                        = true                           {product lp64_product} {ergonomic}
     bool UseG1GC                                  = true                                      {product} {ergonomic}
     bool UseLargePagesIndividualAllocation        = false                                  {pd product} {ergonomic}

Logging:
Log output configuration:
 #0: stdout all=warning,jni+resolve=off uptime,level,tags
 #1: stderr all=off uptime,level,tags

Environment Variables:
JAVA_HOME=C:\Program Files\Java\jdk-17
PATH=C:\Program Files\Common Files\Oracle\Java\javapath;C:\Program Files (x86)\VMware\VMware Player\bin\;C:\Users\j40a_;C:\Users\j40a_;C:\WINDOWS\system32;C:\WINDOWS;C:\WINDOWS\System32\Wbem;C:\WINDOWS\System32\WindowsPowerShell\v1.0\;C:\WINDOWS\System32\OpenSSH\;C:\Program Files\Git\cmd;C:\Program Files\PuTTY\;C:\Program Files\Docker\Docker\resources\bin;C:\ProgramData\chocolatey\bin;C:\Users\j40a_\AppData\Local\Packages\PythonSoftwareFoundation.Python.3.10_qbz5n2kfra8p0\LocalCache\local-packages\Python310\Scripts;C:\Program Files\nodejs\;C:\Users\j40a_\AppData\Local\Microsoft\WindowsApps;C:\Users\j40a_\AppData\Local\Programs\Microsoft VS Code\bin;C:\Program Files\PsychoPy;C:\Program Files\PsychoPy\DLLs;C:\Users\j40a_\AppData\Local\Packages\PythonSoftwareFoundation.Python.3.10_qbz5n2kfra8p0\LocalCache\local-packages\Python310\Scripts;C:\Program Files\MongoDB\Server\7.0\bin;C:\Users\j40a_\.detaspace\bin;C:\Users\j40a_\AppData\Roaming\npm;C:\Program Files\apache-maven-3.9.8\bin;
USERNAME=j40a_
OS=Windows_NT
PROCESSOR_IDENTIFIER=Intel64 Family 6 Model 142 Stepping 9, GenuineIntel
TMP=C:\Users\j40a_\AppData\Local\Temp
TEMP=C:\Users\j40a_\AppData\Local\Temp



Periodic native trim disabled


---------------  S Y S T E M  ---------------

OS:
 Windows 10 , 64 bit Build 19041 (10.0.19041.4597)
OS uptime: 5 days 1:48 hours
Hyper-V role detected

CPU: total 4 (initial active 4) (2 cores per cpu, 2 threads per core) family 6 model 142 stepping 9 microcode 0xb4, cx8, cmov, fxsr, ht, mmx, 3dnowpref, sse, sse2, sse3, ssse3, sse4.1, sse4.2, popcnt, lzcnt, tsc, tscinvbit, avx, avx2, aes, erms, clmul, bmi1, bmi2, adx, fma, vzeroupper, clflush, clflushopt, hv
Processor Information for all 4 processors :
  Max Mhz: 2701, Current Mhz: 2701, Mhz Limit: 2701

Memory: 4k page, system-wide physical 5978M (271M free)
TotalPageFile size 24410M (AvailPageFile size 13M)
current process WorkingSet (physical memory assigned to process): 71M, peak: 211M
current process commit charge ("private bytes"): 267M, peak: 273M

vm_info: OpenJDK 64-Bit Server VM (17.0.11+9) for windows-amd64 JRE (17.0.11+9), built on Apr 17 2024 06:07:48 by "admin" with MS VC++ 16.10 / 16.11 (VS2019)

END.
