#
# There is insufficient memory for the Java Runtime Environment to continue.
# Native memory allocation (mmap) failed to map 98566144 bytes for G1 virtual space
# Possible reasons:
#   The system is out of physical RAM or swap space
#   The process is running with CompressedOops enabled, and the Java Heap may be blocking the growth of the native heap
# Possible solutions:
#   Reduce memory load on the system
#   Increase physical memory or swap space
#   Check if swap backing store is full
#   Decrease Java heap size (-Xmx/-Xms)
#   Decrease number of Java threads
#   Decrease Java thread stack sizes (-Xss)
#   Set larger code cache with -XX:ReservedCodeCacheSize=
#   JVM is running with Unscaled Compressed Oops mode in which the Java heap is
#     placed in the first 4GB address space. The Java Heap base address is the
#     maximum limit for the native heap growth. Please use -XX:HeapBaseMinAddress
#     to set the Java Heap base and to place the Java Heap above 4GB virtual address.
# This output file may be truncated or incomplete.
#
#  Out of Memory Error (os_windows.cpp:3548), pid=14436, tid=11120
#
# JRE version:  (17.0.11+7) (build )
# Java VM: Java HotSpot(TM) 64-Bit Server VM (17.0.11+7-LTS-207, mixed mode, sharing, tiered, compressed oops, compressed class ptrs, g1 gc, windows-amd64)
# No core dump will be written. Minidumps are not enabled by default on client versions of Windows
#

---------------  S U M M A R Y ------------

Command Line: -XX:+ShowCodeDetailsInExceptionMessages com.psicolApp.apirest.ApirestApplication

Host: Intel(R) Core(TM) i5-7200U CPU @ 2.50GHz, 4 cores, 5G,  Windows 10 , 64 bit Build 19041 (10.0.19041.4597)
Time: Sat Aug  3 09:45:31 2024 Hora est. Pacífico, Sudamérica elapsed time: 0.131121 seconds (0d 0h 0m 0s)

---------------  T H R E A D  ---------------

Current thread (0x000001c1180f9aa0):  JavaThread "Unknown thread" [_thread_in_vm, id=11120, stack(0x000000235b400000,0x000000235b500000)]

Stack: [0x000000235b400000,0x000000235b500000]
Native frames: (J=compiled Java code, j=interpreted, Vv=VM code, C=native code)
V  [jvm.dll+0x679cca]
V  [jvm.dll+0x7da13d]
V  [jvm.dll+0x7dba83]
V  [jvm.dll+0x7dc0f3]
V  [jvm.dll+0x2449af]
V  [jvm.dll+0x676ce9]
V  [jvm.dll+0x66b852]
V  [jvm.dll+0x3018d6]
V  [jvm.dll+0x308e76]
V  [jvm.dll+0x3596ee]
V  [jvm.dll+0x35991f]
V  [jvm.dll+0x2d89a8]
V  [jvm.dll+0x2d9914]
V  [jvm.dll+0x7ac6b1]
V  [jvm.dll+0x366f61]
V  [jvm.dll+0x78b609]
V  [jvm.dll+0x3ec22f]
V  [jvm.dll+0x3ede61]
C  [jli.dll+0x5297]
C  [ucrtbase.dll+0x21bb2]
C  [KERNEL32.DLL+0x17374]
C  [ntdll.dll+0x4cc91]


---------------  P R O C E S S  ---------------

Threads class SMR info:
_java_thread_list=0x00007ffd784b7a18, length=0, elements={
}

Java Threads: ( => current thread )

Other Threads:
  0x000001c11814c830 GCTaskThread "GC Thread#0" [stack: 0x000000235b500000,0x000000235b600000] [id=14384]
  0x000001c118159280 ConcurrentGCThread "G1 Main Marker" [stack: 0x000000235b600000,0x000000235b700000] [id=14256]
  0x000001c118159c90 ConcurrentGCThread "G1 Conc#0" [stack: 0x000000235b700000,0x000000235b800000] [id=14764]

[error occurred during error reporting (printing all threads), id 0xc0000005, EXCEPTION_ACCESS_VIOLATION (0xc0000005) at pc=0x00007ffd77ce9497]

VM state: not at safepoint (not fully initialized)

VM Mutex/Monitor currently owned by a thread:  ([mutex/lock_event])
[0x000001c1180f4900] Heap_lock - owner thread: 0x000001c1180f9aa0

Heap address: 0x00000000a2800000, size: 1496 MB, Compressed Oops mode: 32-bit

CDS archive(s) mapped at: [0x0000000000000000-0x0000000000000000-0x0000000000000000), size 0, SharedBaseAddress: 0x0000000800000000, ArchiveRelocationMode: 1.
Narrow klass base: 0x0000000000000000, Narrow klass shift: 0, Narrow klass range: 0x0

GC Precious Log:
<Empty>

Heap:
 garbage-first heap   total 0K, used 0K [0x00000000a2800000, 0x0000000100000000)
  region size 1024K, 0 young (0K), 0 survivors (0K)

[error occurred during error reporting (printing heap information), id 0xc0000005, EXCEPTION_ACCESS_VIOLATION (0xc0000005) at pc=0x00007ffd780d3559]

GC Heap History (0 events):
No events

Deoptimization events (0 events):
No events

Classes unloaded (0 events):
No events

Classes redefined (0 events):
No events

Internal exceptions (0 events):
No events

VM Operations (0 events):
No events

Events (1 events):
Event: 0.023 Loaded shared library C:\Program Files\Java\jdk-17\bin\java.dll


Dynamic libraries:
0x00007ff7cf140000 - 0x00007ff7cf150000 	C:\Program Files\Java\jdk-17\bin\java.exe
0x00007ffdbd050000 - 0x00007ffdbd248000 	C:\WINDOWS\SYSTEM32\ntdll.dll
0x00007ffdbc0c0000 - 0x00007ffdbc181000 	C:\WINDOWS\System32\KERNEL32.DLL
0x00007ffdbabf0000 - 0x00007ffdbaee6000 	C:\WINDOWS\System32\KERNELBASE.dll
0x00007ffdba7a0000 - 0x00007ffdba8a0000 	C:\WINDOWS\System32\ucrtbase.dll
0x00007ffdb2040000 - 0x00007ffdb205b000 	C:\Program Files\Java\jdk-17\bin\VCRUNTIME140.dll
0x00007ffdb59c0000 - 0x00007ffdb59d9000 	C:\Program Files\Java\jdk-17\bin\jli.dll
0x00007ffdbcb10000 - 0x00007ffdbcbc0000 	C:\WINDOWS\System32\ADVAPI32.dll
0x00007ffdbcc20000 - 0x00007ffdbccbe000 	C:\WINDOWS\System32\msvcrt.dll
0x00007ffdbca70000 - 0x00007ffdbcb10000 	C:\WINDOWS\System32\sechost.dll
0x00007ffdbb220000 - 0x00007ffdbb343000 	C:\WINDOWS\System32\RPCRT4.dll
0x00007ffdbaef0000 - 0x00007ffdbaf17000 	C:\WINDOWS\System32\bcrypt.dll
0x00007ffdbce70000 - 0x00007ffdbd00f000 	C:\WINDOWS\System32\USER32.dll
0x00007ffda2560000 - 0x00007ffda27fa000 	C:\WINDOWS\WinSxS\amd64_microsoft.windows.common-controls_6595b64144ccf1df_6.0.19041.4355_none_60b8b9eb71f62e16\COMCTL32.dll
0x00007ffdba9e0000 - 0x00007ffdbaa02000 	C:\WINDOWS\System32\win32u.dll
0x00007ffdbbbb0000 - 0x00007ffdbbbdb000 	C:\WINDOWS\System32\GDI32.dll
0x00007ffdbaad0000 - 0x00007ffdbabe7000 	C:\WINDOWS\System32\gdi32full.dll
0x00007ffdba700000 - 0x00007ffdba79d000 	C:\WINDOWS\System32\msvcp_win.dll
0x00007ffda91d0000 - 0x00007ffda91da000 	C:\WINDOWS\SYSTEM32\VERSION.dll
0x00007ffdbc570000 - 0x00007ffdbc59f000 	C:\WINDOWS\System32\IMM32.DLL
0x00007ffdb6640000 - 0x00007ffdb664c000 	C:\Program Files\Java\jdk-17\bin\vcruntime140_1.dll
0x00007ffd9ea80000 - 0x00007ffd9eb0e000 	C:\Program Files\Java\jdk-17\bin\msvcp140.dll
0x00007ffd77a00000 - 0x00007ffd785e0000 	C:\Program Files\Java\jdk-17\bin\server\jvm.dll
0x00007ffdbbd80000 - 0x00007ffdbbd88000 	C:\WINDOWS\System32\PSAPI.DLL
0x00007ffda1e00000 - 0x00007ffda1e09000 	C:\WINDOWS\SYSTEM32\WSOCK32.dll
0x00007ffdbc4f0000 - 0x00007ffdbc55b000 	C:\WINDOWS\System32\WS2_32.dll
0x00007ffda7c50000 - 0x00007ffda7c77000 	C:\WINDOWS\SYSTEM32\WINMM.dll
0x00007ffdb8ed0000 - 0x00007ffdb8ee2000 	C:\WINDOWS\SYSTEM32\kernel.appcore.dll
0x00007ffdb4fa0000 - 0x00007ffdb4faa000 	C:\Program Files\Java\jdk-17\bin\jimage.dll
0x00007ffdb83c0000 - 0x00007ffdb85a4000 	C:\WINDOWS\SYSTEM32\DBGHELP.DLL
0x00007ffda7650000 - 0x00007ffda7684000 	C:\WINDOWS\SYSTEM32\dbgcore.DLL
0x00007ffdba8a0000 - 0x00007ffdba922000 	C:\WINDOWS\System32\bcryptPrimitives.dll
0x00007ffdaa2e0000 - 0x00007ffdaa305000 	C:\Program Files\Java\jdk-17\bin\java.dll

dbghelp: loaded successfully - version: 4.0.5 - missing functions: none
symbol engine: initialized successfully - sym options: 0x614 - pdb path: .;C:\Program Files\Java\jdk-17\bin;C:\WINDOWS\SYSTEM32;C:\WINDOWS\WinSxS\amd64_microsoft.windows.common-controls_6595b64144ccf1df_6.0.19041.4355_none_60b8b9eb71f62e16;C:\Program Files\Java\jdk-17\bin\server

VM Arguments:
jvm_args: -XX:+ShowCodeDetailsInExceptionMessages 
java_command: com.psicolApp.apirest.ApirestApplication
java_class_path (initial): C:\Users\j40a_\OneDrive\Documentos\Developer\Portfolio Proyects\Proyect2_PsycologyApp\apirest\target\classes;C:\Users\j40a_\.m2\repository\org\springframework\boot\spring-boot-starter-data-jpa\3.3.1\spring-boot-starter-data-jpa-3.3.1.jar;C:\Users\j40a_\.m2\repository\org\springframework\boot\spring-boot-starter-aop\3.3.1\spring-boot-starter-aop-3.3.1.jar;C:\Users\j40a_\.m2\repository\org\aspectj\aspectjweaver\1.9.22\aspectjweaver-1.9.22.jar;C:\Users\j40a_\.m2\repository\org\springframework\boot\spring-boot-starter-jdbc\3.3.1\spring-boot-starter-jdbc-3.3.1.jar;C:\Users\j40a_\.m2\repository\com\zaxxer\HikariCP\5.1.0\HikariCP-5.1.0.jar;C:\Users\j40a_\.m2\repository\org\springframework\spring-jdbc\6.1.10\spring-jdbc-6.1.10.jar;C:\Users\j40a_\.m2\repository\org\hibernate\orm\hibernate-core\6.5.2.Final\hibernate-core-6.5.2.Final.jar;C:\Users\j40a_\.m2\repository\jakarta\persistence\jakarta.persistence-api\3.1.0\jakarta.persistence-api-3.1.0.jar;C:\Users\j40a_\.m2\repository\jakarta\transaction\jakarta.transaction-api\2.0.1\jakarta.transaction-api-2.0.1.jar;C:\Users\j40a_\.m2\repository\org\jboss\logging\jboss-logging\3.5.3.Final\jboss-logging-3.5.3.Final.jar;C:\Users\j40a_\.m2\repository\org\hibernate\common\hibernate-commons-annotations\6.0.6.Final\hibernate-commons-annotations-6.0.6.Final.jar;C:\Users\j40a_\.m2\repository\io\smallrye\jandex\3.1.2\jandex-3.1.2.jar;C:\Users\j40a_\.m2\repository\com\fasterxml\classmate\1.7.0\classmate-1.7.0.jar;C:\Users\j40a_\.m2\repository\net\bytebuddy\byte-buddy\1.14.17\byte-buddy-1.14.17.jar;C:\Users\j40a_\.m2\repository\org\glassfish\jaxb\jaxb-runtime\4.0.5\jaxb-runtime-4.0.5.jar;C:\Users\j40a_\.m2\repository\org\glassfish\jaxb\jaxb-core\4.0.5\jaxb-core-4.0.5.jar;C:\Users\j40a_\.m2\repository\org\eclipse\angus\angus-activation\2.0.2\angus-activation-2.0.2.jar;C:\Users\j40a_\.m2\repository\org\glassfish\jaxb\txw2\4.0.5\txw2-4.0.5.jar;C:\Users\j40a_\.m2\repository\com\sun\istack\istack-commons-runtime\4.1.2\
Launcher Type: SUN_STANDARD

[Global flags]
     intx CICompilerCount                          = 3                                         {product} {ergonomic}
     uint ConcGCThreads                            = 1                                         {product} {ergonomic}
     uint G1ConcRefinementThreads                  = 4                                         {product} {ergonomic}
   size_t G1HeapRegionSize                         = 1048576                                   {product} {ergonomic}
    uintx GCDrainStackTargetSize                   = 64                                        {product} {ergonomic}
   size_t InitialHeapSize                          = 98566144                                  {product} {ergonomic}
   size_t MarkStackSize                            = 4194304                                   {product} {ergonomic}
   size_t MaxHeapSize                              = 1568669696                                {product} {ergonomic}
   size_t MinHeapDeltaBytes                        = 1048576                                   {product} {ergonomic}
   size_t MinHeapSize                              = 8388608                                   {product} {ergonomic}
    uintx NonNMethodCodeHeapSize                   = 5832780                                {pd product} {ergonomic}
    uintx NonProfiledCodeHeapSize                  = 122912730                              {pd product} {ergonomic}
    uintx ProfiledCodeHeapSize                     = 122912730                              {pd product} {ergonomic}
    uintx ReservedCodeCacheSize                    = 251658240                              {pd product} {ergonomic}
     bool SegmentedCodeCache                       = true                                      {product} {ergonomic}
     bool ShowCodeDetailsInExceptionMessages       = true                                   {manageable} {command line}
   size_t SoftMaxHeapSize                          = 1568669696                             {manageable} {ergonomic}
     bool UseCompressedClassPointers               = true                           {product lp64_product} {ergonomic}
     bool UseCompressedOops                        = true                           {product lp64_product} {ergonomic}
     bool UseG1GC                                  = true                                      {product} {ergonomic}
     bool UseLargePagesIndividualAllocation        = false                                  {pd product} {ergonomic}

Logging:
Log output configuration:
 #0: stdout all=warning uptime,level,tags
 #1: stderr all=off uptime,level,tags

Environment Variables:
JAVA_HOME=C:\Program Files\Java\jdk-17
PATH=C:\Program Files\Common Files\Oracle\Java\javapath;C:\Program Files (x86)\VMware\VMware Player\bin\;C:\Users\j40a_;C:\Users\j40a_;C:\WINDOWS\system32;C:\WINDOWS;C:\WINDOWS\System32\Wbem;C:\WINDOWS\System32\WindowsPowerShell\v1.0\;C:\WINDOWS\System32\OpenSSH\;C:\Program Files\Git\cmd;C:\Program Files\PuTTY\;C:\Program Files\Docker\Docker\resources\bin;C:\ProgramData\chocolatey\bin;C:\Users\j40a_\AppData\Local\Packages\PythonSoftwareFoundation.Python.3.10_qbz5n2kfra8p0\LocalCache\local-packages\Python310\Scripts;C:\Program Files\nodejs\;C:\Users\j40a_\AppData\Local\Microsoft\WindowsApps;C:\Users\j40a_\AppData\Local\Programs\Microsoft VS Code\bin;C:\Program Files\PsychoPy;C:\Program Files\PsychoPy\DLLs;C:\Users\j40a_\AppData\Local\Packages\PythonSoftwareFoundation.Python.3.10_qbz5n2kfra8p0\LocalCache\local-packages\Python310\Scripts;C:\Program Files\MongoDB\Server\7.0\bin;C:\Users\j40a_\.detaspace\bin;C:\Users\j40a_\AppData\Roaming\npm;C:\Program Files\apache-maven-3.9.8\bin;
USERNAME=j40a_
LANG=es_ES.UTF-8
OS=Windows_NT
PROCESSOR_IDENTIFIER=Intel64 Family 6 Model 142 Stepping 9, GenuineIntel



---------------  S Y S T E M  ---------------

OS:
 Windows 10 , 64 bit Build 19041 (10.0.19041.4597)
OS uptime: 5 days 2:57 hours
Hyper-V role detected

CPU: total 4 (initial active 4) (2 cores per cpu, 2 threads per core) family 6 model 142 stepping 9 microcode 0xb4, cx8, cmov, fxsr, ht, mmx, 3dnowpref, sse, sse2, sse3, ssse3, sse4.1, sse4.2, popcnt, lzcnt, tsc, tscinvbit, avx, avx2, aes, erms, clmul, bmi1, bmi2, adx, fma, vzeroupper, clflush, clflushopt, hv

Memory: 4k page, system-wide physical 5978M (515M free)
TotalPageFile size 24410M (AvailPageFile size 48M)
current process WorkingSet (physical memory assigned to process): 10M, peak: 10M
current process commit charge ("private bytes"): 51M, peak: 145M

vm_info: Java HotSpot(TM) 64-Bit Server VM (17.0.11+7-LTS-207) for windows-amd64 JRE (17.0.11+7-LTS-207), built on Mar 11 2024 19:01:50 by "mach5one" with MS VC++ 17.6 (VS2022)

END.
